Reading package lists...
Building dependency tree...
Reading state information...
The following additional packages will be installed:
  adwaita-icon-theme bubblewrap dconf-cli dictionaries-common emacsen-common
  gir1.2-atk-1.0 gir1.2-budgie-1.0 gir1.2-freedesktop gir1.2-gdkpixbuf-2.0
  gir1.2-glib-2.0 gir1.2-gtk-3.0 gir1.2-harfbuzz-0.0 gir1.2-pango-1.0
  gir1.2-peas-1.0 glib-networking glib-networking-common
  glib-networking-services gsettings-desktop-schemas gstreamer1.0-plugins-base
  gstreamer1.0-plugins-good gtk-update-icon-cache hicolor-icon-theme
  hunspell-en-us iso-codes libaa1 libao-common libao4 libaspell15
  libatk-bridge2.0-0 libatk1.0-0 libatk1.0-data libatomic1 libatspi2.0-0
  libavc1394-0 libbudgie-plugin0 libcaca0 libcdparanoia0 libcolord2
  libcurl3-gnutls libdv4 libenchant-2-2 libepoxy0 libevdev2
  libgdk-pixbuf-xlib-2.0-0 libgdk-pixbuf2.0-0 libgirepository-1.0-1 libgpm2
  libgstreamer-gl1.0-0 libgstreamer-plugins-base1.0-0 libgstreamer1.0-0
  libgtk-3-0 libgtk-3-common libgudev-1.0-0 libharfbuzz-icu0 libhunspell-1.7-0
  libhyphen0 libiec61883-0 libjavascriptcoregtk-4.0-18 libjson-glib-1.0-0
  libjson-glib-1.0-common libldap-2.4-2 libmanette-0.2-0 libmpdec3 libmpg123-0
  libnghttp2-14 libnotify4 libopengl0 libpangoxft-1.0-0 libpeas-1.0-0
  libpeas-common libproxy1v5 libpython3-stdlib libpython3.9
  libpython3.9-minimal libpython3.9-stdlib libraw1394-11 librest-0.7-0
  librtmp1 libsasl2-2 libsasl2-modules-db libsecret-1-0 libsecret-common
  libshout3 libsoup-gnome2.4-1 libsoup2.4-1 libssh2-1 libtag1v5
  libtag1v5-vanilla libunwind8 libv4l-0 libv4lconvert0 libvisual-0.4-0
  libvorbisfile3 libwayland-cursor0 libwebkit2gtk-4.0-37 libwebpdemux2
  libwoff1 libwpe-1.0-1 libwpebackend-fdo-1.0-1 libxcomposite1 libxcursor1
  libxft2 libxinerama1 libxkbcommon0 libxrandr2 libxslt1.1 libxt6 media-types
  python3 python3-gi python3-minimal python3-psutil python3.9
  python3.9-minimal sound-theme-freedesktop vorbis-tools xdg-dbus-proxy zenity
  zenity-common
Suggested packages:
  ispell | aspell | hunspell wordlist gvfs hunspell openoffice.org-hunspell
  | openoffice.org-core isoquery libaudio2 libsndio6.1 aspell colord libdv-bin
  oss-compat libenchant-2-voikko gpm libvisual-0.4-plugins gstreamer1.0-tools
  libraw1394-doc gstreamer1.0-alsa python3-doc python3-tk python3-venv
  python-psutil-doc python3.9-venv python3.9-doc binutils binfmt-support
Recommended packages:
  librsvg2-common gstreamer1.0-x aspell-en | aspell-dictionary
  | aspell6a-dictionary at-spi2-core enchant-2 libgdk-pixbuf2.0-bin
  gstreamer1.0-gl libgtk-3-bin libldap-common notification-daemon
  libsasl2-modules xdg-desktop-portal-gtk gstreamer1.0-libav
  gstreamer1.0-plugins-bad
The following NEW packages will be installed:
  adwaita-icon-theme bubblewrap budgie-countdown-applet dconf-cli
  dictionaries-common emacsen-common gir1.2-atk-1.0 gir1.2-budgie-1.0
  gir1.2-freedesktop gir1.2-gdkpixbuf-2.0 gir1.2-glib-2.0 gir1.2-gtk-3.0
  gir1.2-harfbuzz-0.0 gir1.2-pango-1.0 gir1.2-peas-1.0 glib-networking
  glib-networking-common glib-networking-services gsettings-desktop-schemas
  gstreamer1.0-plugins-base gstreamer1.0-plugins-good gtk-update-icon-cache
  hicolor-icon-theme hunspell-en-us iso-codes libaa1 libao-common libao4
  libaspell15 libatk-bridge2.0-0 libatk1.0-0 libatk1.0-data libatomic1
  libatspi2.0-0 libavc1394-0 libbudgie-plugin0 libcaca0 libcdparanoia0
  libcolord2 libcurl3-gnutls libdv4 libenchant-2-2 libepoxy0 libevdev2
  libgdk-pixbuf-xlib-2.0-0 libgdk-pixbuf2.0-0 libgirepository-1.0-1 libgpm2
  libgstreamer-gl1.0-0 libgstreamer-plugins-base1.0-0 libgstreamer1.0-0
  libgtk-3-0 libgtk-3-common libgudev-1.0-0 libharfbuzz-icu0 libhunspell-1.7-0
  libhyphen0 libiec61883-0 libjavascriptcoregtk-4.0-18 libjson-glib-1.0-0
  libjson-glib-1.0-common libldap-2.4-2 libmanette-0.2-0 libmpdec3 libmpg123-0
  libnghttp2-14 libnotify4 libopengl0 libpangoxft-1.0-0 libpeas-1.0-0
  libpeas-common libproxy1v5 libpython3-stdlib libpython3.9
  libpython3.9-minimal libpython3.9-stdlib libraw1394-11 librest-0.7-0
  librtmp1 libsasl2-2 libsasl2-modules-db libsecret-1-0 libsecret-common
  libshout3 libsoup-gnome2.4-1 libsoup2.4-1 libssh2-1 libtag1v5
  libtag1v5-vanilla libunwind8 libv4l-0 libv4lconvert0 libvisual-0.4-0
  libvorbisfile3 libwayland-cursor0 libwebkit2gtk-4.0-37 libwebpdemux2
  libwoff1 libwpe-1.0-1 libwpebackend-fdo-1.0-1 libxcomposite1 libxcursor1
  libxft2 libxinerama1 libxkbcommon0 libxrandr2 libxslt1.1 libxt6 media-types
  python3 python3-gi python3-minimal python3-psutil python3.9
  python3.9-minimal sound-theme-freedesktop vorbis-tools xdg-dbus-proxy zenity
  zenity-common
0 upgraded, 120 newly installed, 0 to remove and 18 not upgraded.
Inst libpython3.9-minimal (3.9.2-1 Debian:11.3/stable [amd64])
Inst python3.9-minimal (3.9.2-1 Debian:11.3/stable [amd64])
Conf libpython3.9-minimal (3.9.2-1 Debian:11.3/stable [amd64])
Conf python3.9-minimal (3.9.2-1 Debian:11.3/stable [amd64])
Inst python3-minimal (3.9.2-3 Debian:11.3/stable [amd64])
Inst media-types (4.0.0 Debian:11.3/stable [all])
Inst libmpdec3 (2.5.1-1 Debian:11.3/stable [amd64])
Inst libpython3.9-stdlib (3.9.2-1 Debian:11.3/stable [amd64])
Inst python3.9 (3.9.2-1 Debian:11.3/stable [amd64])
Inst libpython3-stdlib (3.9.2-3 Debian:11.3/stable [amd64])
Conf python3-minimal (3.9.2-3 Debian:11.3/stable [amd64])
Inst python3 (3.9.2-3 Debian:11.3/stable [amd64])
Inst hicolor-icon-theme (0.17-2 Debian:11.3/stable [all])
Inst gtk-update-icon-cache (3.24.24-4+deb11u2 Debian:11.3/stable [amd64])
Inst adwaita-icon-theme (3.38.0-1 Debian:11.3/stable [all])
Inst bubblewrap (0.4.1-3 Debian:11.3/stable [amd64])
Inst dconf-cli (0.38.0-2 Debian:11.3/stable [amd64])
Inst libgirepository-1.0-1 (1.66.1-1+b1 Debian:11.3/stable [amd64])
Inst gir1.2-glib-2.0 (1.66.1-1+b1 Debian:11.3/stable [amd64])
Inst libatk1.0-data (2.36.0-2 Debian:11.3/stable [all])
Inst libatk1.0-0 (2.36.0-2 Debian:11.3/stable [amd64])
Inst gir1.2-atk-1.0 (2.36.0-2 Debian:11.3/stable [amd64])
Inst gir1.2-freedesktop (1.66.1-1+b1 Debian:11.3/stable [amd64])
Inst gir1.2-gdkpixbuf-2.0 (2.42.2+dfsg-1 Debian:11.3/stable [amd64])
Inst gir1.2-harfbuzz-0.0 (2.7.4-1 Debian:11.3/stable [amd64])
Inst libxft2 (2.3.2-2 Debian:11.3/stable [amd64])
Inst libpangoxft-1.0-0 (1.46.2-3 Debian:11.3/stable [amd64])
Inst gir1.2-pango-1.0 (1.46.2-3 Debian:11.3/stable [amd64])
Inst libatspi2.0-0 (2.38.0-4 Debian:11.3/stable [amd64])
Inst libatk-bridge2.0-0 (2.38.0-1 Debian:11.3/stable [amd64])
Inst libcolord2 (1.4.5-3 Debian:11.3/stable [amd64])
Inst libepoxy0 (1.5.5-1 Debian:11.3/stable [amd64])
Inst libjson-glib-1.0-common (1.6.2-1 Debian:11.3/stable [all])
Inst libjson-glib-1.0-0 (1.6.2-1 Debian:11.3/stable [amd64])
Inst libproxy1v5 (0.4.17-1 Debian:11.3/stable [amd64])
Inst glib-networking-common (2.66.0-2 Debian:11.3/stable [all])
Inst glib-networking-services (2.66.0-2 Debian:11.3/stable [amd64])
Inst gsettings-desktop-schemas (3.38.0-2 Debian:11.3/stable [all])
Inst glib-networking (2.66.0-2 Debian:11.3/stable [amd64])
Inst libsoup2.4-1 (2.72.0-2 Debian:11.3/stable [amd64])
Inst libsoup-gnome2.4-1 (2.72.0-2 Debian:11.3/stable [amd64])
Inst librest-0.7-0 (0.8.1-1.1 Debian:11.3/stable [amd64])
Inst libwayland-cursor0 (1.18.0-2~exp1.1 Debian:11.3/stable [amd64])
Inst libxcomposite1 (1:0.4.5-1 Debian:11.3/stable [amd64])
Inst libxcursor1 (1:1.2.0-2 Debian:11.3/stable [amd64])
Inst libxinerama1 (2:1.1.4-2 Debian:11.3/stable [amd64])
Inst libxkbcommon0 (1.0.3-2 Debian:11.3/stable [amd64])
Inst libxrandr2 (2:1.5.1-1 Debian:11.3/stable [amd64])
Inst libgtk-3-common (3.24.24-4+deb11u2 Debian:11.3/stable [all])
Inst libgtk-3-0 (3.24.24-4+deb11u2 Debian:11.3/stable [amd64])
Inst gir1.2-gtk-3.0 (3.24.24-4+deb11u2 Debian:11.3/stable [amd64])
Inst libpeas-common (1.28.0-2 Debian:11.3/stable [all])
Inst libpython3.9 (3.9.2-1 Debian:11.3/stable [amd64])
Inst libpeas-1.0-0 (1.28.0-2+b1 Debian:11.3/stable [amd64])
Inst gir1.2-peas-1.0 (1.28.0-2+b1 Debian:11.3/stable [amd64])
Inst libbudgie-plugin0 (10.5.2-4 Debian:11.3/stable [amd64])
Inst gir1.2-budgie-1.0 (10.5.2-4 Debian:11.3/stable [amd64])
Inst python3-gi (3.38.0-2 Debian:11.3/stable [amd64])
Inst python3-psutil (5.8.0-1 Debian:11.3/stable [amd64])
Inst sound-theme-freedesktop (0.8-2 Debian:11.3/stable [all])
Inst libao-common (1.2.2+20180113-1.1 Debian:11.3/stable [all])
Inst libao4 (1.2.2+20180113-1.1 Debian:11.3/stable [amd64])
Inst libsasl2-modules-db (2.1.27+dfsg-2.1+deb11u1 Debian:11.3/stable, Debian-Security:11/stable-security [amd64])
Inst libsasl2-2 (2.1.27+dfsg-2.1+deb11u1 Debian:11.3/stable, Debian-Security:11/stable-security [amd64])
Inst libldap-2.4-2 (2.4.57+dfsg-3 Debian:11.3/stable [amd64])
Inst libnghttp2-14 (1.43.0-1 Debian:11.3/stable [amd64])
Inst librtmp1 (2.4+20151223.gitfa8646d.1-2+b2 Debian:11.3/stable [amd64])
Inst libssh2-1 (1.9.0-2 Debian:11.3/stable [amd64])
Inst libcurl3-gnutls (7.74.0-1.3+deb11u1 Debian:11.3/stable [amd64])
Inst libvorbisfile3 (1.3.7-1 Debian:11.3/stable [amd64])
Inst vorbis-tools (1.4.0-11+b1 Debian:11.3/stable [amd64])
Inst libgdk-pixbuf-xlib-2.0-0 (2.40.2-2 Debian:11.3/stable [amd64])
Inst libgdk-pixbuf2.0-0 (2.40.2-2 Debian:11.3/stable [amd64])
Inst libnotify4 (0.7.9-3 Debian:11.3/stable [amd64])
Inst libatomic1 (10.2.1-6 Debian:11.3/stable [amd64])
Inst libjavascriptcoregtk-4.0-18 (2.36.0-3~deb11u1 Debian-Security:11/stable-security [amd64])
Inst libcdparanoia0 (3.10.2+debian-13.1 Debian:11.3/stable [amd64])
Inst libunwind8 (1.3.2-2 Debian:11.3/stable [amd64])
Inst libgstreamer1.0-0 (1.18.4-2.1 Debian:11.3/stable [amd64])
Inst iso-codes (4.6.0-1 Debian:11.3/stable [all])
Inst libgstreamer-plugins-base1.0-0 (1.18.4-2 Debian:11.3/stable [amd64])
Inst libvisual-0.4-0 (0.4.0-17 Debian:11.3/stable [amd64])
Inst gstreamer1.0-plugins-base (1.18.4-2 Debian:11.3/stable [amd64])
Inst libgpm2 (1.20.7-8 Debian:11.3/stable [amd64])
Inst libaa1 (1.4p5-48 Debian:11.3/stable [amd64])
Inst libraw1394-11 (2.1.2-2 Debian:11.3/stable [amd64])
Inst libavc1394-0 (0.5.4-5 Debian:11.3/stable [amd64])
Inst libcaca0 (0.99.beta19-2.2 Debian:11.3/stable [amd64])
Inst libdv4 (1.0.0-13 Debian:11.3/stable [amd64])
Inst libgudev-1.0-0 (234-1 Debian:11.3/stable [amd64])
Inst libiec61883-0 (1.2.0-4 Debian:11.3/stable [amd64])
Inst libmpg123-0 (1.26.4-1 Debian:11.3/stable [amd64])
Inst libshout3 (2.4.5-1+b1 Debian:11.3/stable [amd64])
Inst libtag1v5-vanilla (1.11.1+dfsg.1-3 Debian:11.3/stable [amd64])
Inst libtag1v5 (1.11.1+dfsg.1-3 Debian:11.3/stable [amd64])
Inst libv4lconvert0 (1.20.0-2 Debian:11.3/stable [amd64])
Inst libv4l-0 (1.20.0-2 Debian:11.3/stable [amd64])
Inst gstreamer1.0-plugins-good (1.18.4-2 Debian:11.3/stable [amd64])
Inst xdg-dbus-proxy (0.1.2-2 Debian:11.3/stable [amd64])
Inst emacsen-common (3.0.4 Debian:11.3/stable [all])
Inst dictionaries-common (1.28.4 Debian:11.3/stable [all])
Inst hunspell-en-us (1:2019.10.06-1 Debian:11.3/stable [all])
Inst libaspell15 (0.60.8-3 Debian:11.3/stable [amd64])
Inst libhunspell-1.7-0 (1.7.0-3 Debian:11.3/stable [amd64])
Inst libenchant-2-2 (2.2.15-1 Debian:11.3/stable [amd64])
Inst libgstreamer-gl1.0-0 (1.18.4-2 Debian:11.3/stable [amd64])
Inst libharfbuzz-icu0 (2.7.4-1 Debian:11.3/stable [amd64])
Inst libhyphen0 (2.8.8-7 Debian:11.3/stable [amd64])
Inst libevdev2 (1.11.0+dfsg-1 Debian:11.3/stable [amd64])
Inst libmanette-0.2-0 (0.2.5-1 Debian:11.3/stable [amd64])
Inst libopengl0 (1.3.2-1 Debian:11.3/stable [amd64])
Inst libsecret-common (0.20.4-2 Debian:11.3/stable [all])
Inst libsecret-1-0 (0.20.4-2 Debian:11.3/stable [amd64])
Inst libwebpdemux2 (0.6.1-2.1 Debian:11.3/stable [amd64])
Inst libwoff1 (1.0.2-1+b1 Debian:11.3/stable [amd64])
Inst libwpe-1.0-1 (1.10.0-2 Debian:11.3/stable [amd64])
Inst libwpebackend-fdo-1.0-1 (1.8.0-1 Debian:11.3/stable [amd64])
Inst libxslt1.1 (1.1.34-4 Debian:11.3/stable [amd64])
Inst libxt6 (1:1.2.0-1 Debian:11.3/stable [amd64])
Inst libwebkit2gtk-4.0-37 (2.36.0-3~deb11u1 Debian-Security:11/stable-security [amd64])
Inst zenity-common (3.32.0-6 Debian:11.3/stable [all])
Inst zenity (3.32.0-6 Debian:11.3/stable [amd64])
Inst budgie-countdown-applet (1.1.0-1 Debian:11.3/stable [all])
Conf media-types (4.0.0 Debian:11.3/stable [all])
Conf libmpdec3 (2.5.1-1 Debian:11.3/stable [amd64])
Conf libpython3.9-stdlib (3.9.2-1 Debian:11.3/stable [amd64])
Conf python3.9 (3.9.2-1 Debian:11.3/stable [amd64])
Conf libpython3-stdlib (3.9.2-3 Debian:11.3/stable [amd64])
Conf python3 (3.9.2-3 Debian:11.3/stable [amd64])
Conf hicolor-icon-theme (0.17-2 Debian:11.3/stable [all])
Conf gtk-update-icon-cache (3.24.24-4+deb11u2 Debian:11.3/stable [amd64])
Conf adwaita-icon-theme (3.38.0-1 Debian:11.3/stable [all])
Conf bubblewrap (0.4.1-3 Debian:11.3/stable [amd64])
Conf dconf-cli (0.38.0-2 Debian:11.3/stable [amd64])
Conf libgirepository-1.0-1 (1.66.1-1+b1 Debian:11.3/stable [amd64])
Conf gir1.2-glib-2.0 (1.66.1-1+b1 Debian:11.3/stable [amd64])
Conf libatk1.0-data (2.36.0-2 Debian:11.3/stable [all])
Conf libatk1.0-0 (2.36.0-2 Debian:11.3/stable [amd64])
Conf gir1.2-atk-1.0 (2.36.0-2 Debian:11.3/stable [amd64])
Conf gir1.2-freedesktop (1.66.1-1+b1 Debian:11.3/stable [amd64])
Conf gir1.2-gdkpixbuf-2.0 (2.42.2+dfsg-1 Debian:11.3/stable [amd64])
Conf gir1.2-harfbuzz-0.0 (2.7.4-1 Debian:11.3/stable [amd64])
Conf libxft2 (2.3.2-2 Debian:11.3/stable [amd64])
Conf libpangoxft-1.0-0 (1.46.2-3 Debian:11.3/stable [amd64])
Conf gir1.2-pango-1.0 (1.46.2-3 Debian:11.3/stable [amd64])
Conf libatspi2.0-0 (2.38.0-4 Debian:11.3/stable [amd64])
Conf libatk-bridge2.0-0 (2.38.0-1 Debian:11.3/stable [amd64])
Conf libcolord2 (1.4.5-3 Debian:11.3/stable [amd64])
Conf libepoxy0 (1.5.5-1 Debian:11.3/stable [amd64])
Conf libjson-glib-1.0-common (1.6.2-1 Debian:11.3/stable [all])
Conf libjson-glib-1.0-0 (1.6.2-1 Debian:11.3/stable [amd64])
Conf libproxy1v5 (0.4.17-1 Debian:11.3/stable [amd64])
Conf glib-networking-common (2.66.0-2 Debian:11.3/stable [all])
Conf glib-networking-services (2.66.0-2 Debian:11.3/stable [amd64])
Conf gsettings-desktop-schemas (3.38.0-2 Debian:11.3/stable [all])
Conf glib-networking (2.66.0-2 Debian:11.3/stable [amd64])
Conf libsoup2.4-1 (2.72.0-2 Debian:11.3/stable [amd64])
Conf libsoup-gnome2.4-1 (2.72.0-2 Debian:11.3/stable [amd64])
Conf librest-0.7-0 (0.8.1-1.1 Debian:11.3/stable [amd64])
Conf libwayland-cursor0 (1.18.0-2~exp1.1 Debian:11.3/stable [amd64])
Conf libxcomposite1 (1:0.4.5-1 Debian:11.3/stable [amd64])
Conf libxcursor1 (1:1.2.0-2 Debian:11.3/stable [amd64])
Conf libxinerama1 (2:1.1.4-2 Debian:11.3/stable [amd64])
Conf libxkbcommon0 (1.0.3-2 Debian:11.3/stable [amd64])
Conf libxrandr2 (2:1.5.1-1 Debian:11.3/stable [amd64])
Conf libgtk-3-common (3.24.24-4+deb11u2 Debian:11.3/stable [all])
Conf libgtk-3-0 (3.24.24-4+deb11u2 Debian:11.3/stable [amd64])
Conf gir1.2-gtk-3.0 (3.24.24-4+deb11u2 Debian:11.3/stable [amd64])
Conf libpeas-common (1.28.0-2 Debian:11.3/stable [all])
Conf libpython3.9 (3.9.2-1 Debian:11.3/stable [amd64])
Conf libpeas-1.0-0 (1.28.0-2+b1 Debian:11.3/stable [amd64])
Conf gir1.2-peas-1.0 (1.28.0-2+b1 Debian:11.3/stable [amd64])
Conf libbudgie-plugin0 (10.5.2-4 Debian:11.3/stable [amd64])
Conf gir1.2-budgie-1.0 (10.5.2-4 Debian:11.3/stable [amd64])
Conf python3-gi (3.38.0-2 Debian:11.3/stable [amd64])
Conf python3-psutil (5.8.0-1 Debian:11.3/stable [amd64])
Conf sound-theme-freedesktop (0.8-2 Debian:11.3/stable [all])
Conf libao-common (1.2.2+20180113-1.1 Debian:11.3/stable [all])
Conf libao4 (1.2.2+20180113-1.1 Debian:11.3/stable [amd64])
Conf libsasl2-modules-db (2.1.27+dfsg-2.1+deb11u1 Debian:11.3/stable, Debian-Security:11/stable-security [amd64])
Conf libsasl2-2 (2.1.27+dfsg-2.1+deb11u1 Debian:11.3/stable, Debian-Security:11/stable-security [amd64])
Conf libldap-2.4-2 (2.4.57+dfsg-3 Debian:11.3/stable [amd64])
Conf libnghttp2-14 (1.43.0-1 Debian:11.3/stable [amd64])
Conf librtmp1 (2.4+20151223.gitfa8646d.1-2+b2 Debian:11.3/stable [amd64])
Conf libssh2-1 (1.9.0-2 Debian:11.3/stable [amd64])
Conf libcurl3-gnutls (7.74.0-1.3+deb11u1 Debian:11.3/stable [amd64])
Conf libvorbisfile3 (1.3.7-1 Debian:11.3/stable [amd64])
Conf vorbis-tools (1.4.0-11+b1 Debian:11.3/stable [amd64])
Conf libgdk-pixbuf-xlib-2.0-0 (2.40.2-2 Debian:11.3/stable [amd64])
Conf libgdk-pixbuf2.0-0 (2.40.2-2 Debian:11.3/stable [amd64])
Conf libnotify4 (0.7.9-3 Debian:11.3/stable [amd64])
Conf libatomic1 (10.2.1-6 Debian:11.3/stable [amd64])
Conf libjavascriptcoregtk-4.0-18 (2.36.0-3~deb11u1 Debian-Security:11/stable-security [amd64])
Conf libcdparanoia0 (3.10.2+debian-13.1 Debian:11.3/stable [amd64])
Conf libunwind8 (1.3.2-2 Debian:11.3/stable [amd64])
Conf libgstreamer1.0-0 (1.18.4-2.1 Debian:11.3/stable [amd64])
Conf iso-codes (4.6.0-1 Debian:11.3/stable [all])
Conf libgstreamer-plugins-base1.0-0 (1.18.4-2 Debian:11.3/stable [amd64])
Conf libvisual-0.4-0 (0.4.0-17 Debian:11.3/stable [amd64])
Conf gstreamer1.0-plugins-base (1.18.4-2 Debian:11.3/stable [amd64])
Conf libgpm2 (1.20.7-8 Debian:11.3/stable [amd64])
Conf libaa1 (1.4p5-48 Debian:11.3/stable [amd64])
Conf libraw1394-11 (2.1.2-2 Debian:11.3/stable [amd64])
Conf libavc1394-0 (0.5.4-5 Debian:11.3/stable [amd64])
Conf libcaca0 (0.99.beta19-2.2 Debian:11.3/stable [amd64])
Conf libdv4 (1.0.0-13 Debian:11.3/stable [amd64])
Conf libgudev-1.0-0 (234-1 Debian:11.3/stable [amd64])
Conf libiec61883-0 (1.2.0-4 Debian:11.3/stable [amd64])
Conf libmpg123-0 (1.26.4-1 Debian:11.3/stable [amd64])
Conf libshout3 (2.4.5-1+b1 Debian:11.3/stable [amd64])
Conf libtag1v5-vanilla (1.11.1+dfsg.1-3 Debian:11.3/stable [amd64])
Conf libtag1v5 (1.11.1+dfsg.1-3 Debian:11.3/stable [amd64])
Conf libv4lconvert0 (1.20.0-2 Debian:11.3/stable [amd64])
Conf libv4l-0 (1.20.0-2 Debian:11.3/stable [amd64])
Conf gstreamer1.0-plugins-good (1.18.4-2 Debian:11.3/stable [amd64])
Conf xdg-dbus-proxy (0.1.2-2 Debian:11.3/stable [amd64])
Conf emacsen-common (3.0.4 Debian:11.3/stable [all])
Conf dictionaries-common (1.28.4 Debian:11.3/stable [all])
Conf hunspell-en-us (1:2019.10.06-1 Debian:11.3/stable [all])
Conf libaspell15 (0.60.8-3 Debian:11.3/stable [amd64])
Conf libhunspell-1.7-0 (1.7.0-3 Debian:11.3/stable [amd64])
Conf libenchant-2-2 (2.2.15-1 Debian:11.3/stable [amd64])
Conf libgstreamer-gl1.0-0 (1.18.4-2 Debian:11.3/stable [amd64])
Conf libharfbuzz-icu0 (2.7.4-1 Debian:11.3/stable [amd64])
Conf libhyphen0 (2.8.8-7 Debian:11.3/stable [amd64])
Conf libevdev2 (1.11.0+dfsg-1 Debian:11.3/stable [amd64])
Conf libmanette-0.2-0 (0.2.5-1 Debian:11.3/stable [amd64])
Conf libopengl0 (1.3.2-1 Debian:11.3/stable [amd64])
Conf libsecret-common (0.20.4-2 Debian:11.3/stable [all])
Conf libsecret-1-0 (0.20.4-2 Debian:11.3/stable [amd64])
Conf libwebpdemux2 (0.6.1-2.1 Debian:11.3/stable [amd64])
Conf libwoff1 (1.0.2-1+b1 Debian:11.3/stable [amd64])
Conf libwpe-1.0-1 (1.10.0-2 Debian:11.3/stable [amd64])
Conf libwpebackend-fdo-1.0-1 (1.8.0-1 Debian:11.3/stable [amd64])
Conf libxslt1.1 (1.1.34-4 Debian:11.3/stable [amd64])
Conf libxt6 (1:1.2.0-1 Debian:11.3/stable [amd64])
Conf libwebkit2gtk-4.0-37 (2.36.0-3~deb11u1 Debian-Security:11/stable-security [amd64])
Conf zenity-common (3.32.0-6 Debian:11.3/stable [all])
Conf zenity (3.32.0-6 Debian:11.3/stable [amd64])
Conf budgie-countdown-applet (1.1.0-1 Debian:11.3/stable [all])
