Reading package lists...
Building dependency tree...
Reading state information...
The following additional packages will be installed:
  adwaita-icon-theme glib-networking glib-networking-common
  glib-networking-services gnome-terminal-data gsettings-desktop-schemas
  gtk-update-icon-cache hicolor-icon-theme libatk-bridge2.0-0 libatk1.0-0
  libatk1.0-data libatspi2.0-0 libcolord2 libepoxy0 libgtk-3-0 libgtk-3-common
  libjson-glib-1.0-0 libjson-glib-1.0-common libproxy1v5 librest-0.7-0
  libsoup-gnome2.4-1 libsoup2.4-1 libvte-2.91-0 libvte-2.91-common
  libwayland-cursor0 libxcomposite1 libxcursor1 libxinerama1 libxkbcommon0
  libxrandr2
Suggested packages:
  colord gvfs
Recommended packages:
  librsvg2-common gvfs nautilus-extension-gnome-terminal yelp at-spi2-core
  libgtk-3-bin
The following NEW packages will be installed:
  adwaita-icon-theme glib-networking glib-networking-common
  glib-networking-services gnome-terminal gnome-terminal-data
  gsettings-desktop-schemas gtk-update-icon-cache hicolor-icon-theme
  libatk-bridge2.0-0 libatk1.0-0 libatk1.0-data libatspi2.0-0 libcolord2
  libepoxy0 libgtk-3-0 libgtk-3-common libjson-glib-1.0-0
  libjson-glib-1.0-common libproxy1v5 librest-0.7-0 libsoup-gnome2.4-1
  libsoup2.4-1 libvte-2.91-0 libvte-2.91-common libwayland-cursor0
  libxcomposite1 libxcursor1 libxinerama1 libxkbcommon0 libxrandr2
0 upgraded, 31 newly installed, 0 to remove and 18 not upgraded.
Inst hicolor-icon-theme (0.17-2 Debian:11.3/stable [all])
Inst gtk-update-icon-cache (3.24.24-4+deb11u2 Debian:11.3/stable [amd64])
Inst adwaita-icon-theme (3.38.0-1 Debian:11.3/stable [all])
Inst libproxy1v5 (0.4.17-1 Debian:11.3/stable [amd64])
Inst glib-networking-common (2.66.0-2 Debian:11.3/stable [all])
Inst glib-networking-services (2.66.0-2 Debian:11.3/stable [amd64])
Inst gsettings-desktop-schemas (3.38.0-2 Debian:11.3/stable [all])
Inst glib-networking (2.66.0-2 Debian:11.3/stable [amd64])
Inst gnome-terminal-data (3.38.3-1 Debian:11.3/stable [all])
Inst libatk1.0-data (2.36.0-2 Debian:11.3/stable [all])
Inst libatk1.0-0 (2.36.0-2 Debian:11.3/stable [amd64])
Inst libatspi2.0-0 (2.38.0-4 Debian:11.3/stable [amd64])
Inst libatk-bridge2.0-0 (2.38.0-1 Debian:11.3/stable [amd64])
Inst libcolord2 (1.4.5-3 Debian:11.3/stable [amd64])
Inst libepoxy0 (1.5.5-1 Debian:11.3/stable [amd64])
Inst libjson-glib-1.0-common (1.6.2-1 Debian:11.3/stable [all])
Inst libjson-glib-1.0-0 (1.6.2-1 Debian:11.3/stable [amd64])
Inst libsoup2.4-1 (2.72.0-2 Debian:11.3/stable [amd64])
Inst libsoup-gnome2.4-1 (2.72.0-2 Debian:11.3/stable [amd64])
Inst librest-0.7-0 (0.8.1-1.1 Debian:11.3/stable [amd64])
Inst libwayland-cursor0 (1.18.0-2~exp1.1 Debian:11.3/stable [amd64])
Inst libxcomposite1 (1:0.4.5-1 Debian:11.3/stable [amd64])
Inst libxcursor1 (1:1.2.0-2 Debian:11.3/stable [amd64])
Inst libxinerama1 (2:1.1.4-2 Debian:11.3/stable [amd64])
Inst libxkbcommon0 (1.0.3-2 Debian:11.3/stable [amd64])
Inst libxrandr2 (2:1.5.1-1 Debian:11.3/stable [amd64])
Inst libgtk-3-common (3.24.24-4+deb11u2 Debian:11.3/stable [all])
Inst libgtk-3-0 (3.24.24-4+deb11u2 Debian:11.3/stable [amd64])
Inst libvte-2.91-common (0.62.3-1 Debian:11.3/stable [amd64])
Inst libvte-2.91-0 (0.62.3-1 Debian:11.3/stable [amd64])
Inst gnome-terminal (3.38.3-1 Debian:11.3/stable [amd64])
Conf hicolor-icon-theme (0.17-2 Debian:11.3/stable [all])
Conf gtk-update-icon-cache (3.24.24-4+deb11u2 Debian:11.3/stable [amd64])
Conf adwaita-icon-theme (3.38.0-1 Debian:11.3/stable [all])
Conf libproxy1v5 (0.4.17-1 Debian:11.3/stable [amd64])
Conf glib-networking-common (2.66.0-2 Debian:11.3/stable [all])
Conf glib-networking-services (2.66.0-2 Debian:11.3/stable [amd64])
Conf gsettings-desktop-schemas (3.38.0-2 Debian:11.3/stable [all])
Conf glib-networking (2.66.0-2 Debian:11.3/stable [amd64])
Conf gnome-terminal-data (3.38.3-1 Debian:11.3/stable [all])
Conf libatk1.0-data (2.36.0-2 Debian:11.3/stable [all])
Conf libatk1.0-0 (2.36.0-2 Debian:11.3/stable [amd64])
Conf libatspi2.0-0 (2.38.0-4 Debian:11.3/stable [amd64])
Conf libatk-bridge2.0-0 (2.38.0-1 Debian:11.3/stable [amd64])
Conf libcolord2 (1.4.5-3 Debian:11.3/stable [amd64])
Conf libepoxy0 (1.5.5-1 Debian:11.3/stable [amd64])
Conf libjson-glib-1.0-common (1.6.2-1 Debian:11.3/stable [all])
Conf libjson-glib-1.0-0 (1.6.2-1 Debian:11.3/stable [amd64])
Conf libsoup2.4-1 (2.72.0-2 Debian:11.3/stable [amd64])
Conf libsoup-gnome2.4-1 (2.72.0-2 Debian:11.3/stable [amd64])
Conf librest-0.7-0 (0.8.1-1.1 Debian:11.3/stable [amd64])
Conf libwayland-cursor0 (1.18.0-2~exp1.1 Debian:11.3/stable [amd64])
Conf libxcomposite1 (1:0.4.5-1 Debian:11.3/stable [amd64])
Conf libxcursor1 (1:1.2.0-2 Debian:11.3/stable [amd64])
Conf libxinerama1 (2:1.1.4-2 Debian:11.3/stable [amd64])
Conf libxkbcommon0 (1.0.3-2 Debian:11.3/stable [amd64])
Conf libxrandr2 (2:1.5.1-1 Debian:11.3/stable [amd64])
Conf libgtk-3-common (3.24.24-4+deb11u2 Debian:11.3/stable [all])
Conf libgtk-3-0 (3.24.24-4+deb11u2 Debian:11.3/stable [amd64])
Conf libvte-2.91-common (0.62.3-1 Debian:11.3/stable [amd64])
Conf libvte-2.91-0 (0.62.3-1 Debian:11.3/stable [amd64])
Conf gnome-terminal (3.38.3-1 Debian:11.3/stable [amd64])
