Reading package lists...
Building dependency tree...
Reading state information...
The following additional packages will be installed:
  adwaita-icon-theme glib-networking glib-networking-common
  glib-networking-services gsettings-desktop-schemas gtk-update-icon-cache
  hicolor-icon-theme libatk-bridge2.0-0 libatk1.0-0 libatk1.0-data
  libatspi2.0-0 libayatana-ido3-0.4-0 libayatana-indicator3-7 libcolord2
  libepoxy0 libgdk-pixbuf-xlib-2.0-0 libgdk-pixbuf2.0-0 libgtk-3-0
  libgtk-3-common libjson-glib-1.0-0 libjson-glib-1.0-common
  liblightdm-gobject-1-0 libproxy1v5 librest-0.7-0 libsoup-gnome2.4-1
  libsoup2.4-1 libwayland-cursor0 libxaw7 libxcomposite1 libxcursor1
  libxinerama1 libxkbcommon0 libxkbfile1 libxklavier16 libxmu6 libxpm4
  libxrandr2 libxt6 lightdm-gtk-greeter x11-xkb-utils
Suggested packages:
  colord gvfs iso-codes accountsservice upower xserver-xephyr
Recommended packages:
  librsvg2-common at-spi2-core libgdk-pixbuf2.0-bin libgtk-3-bin xserver-xorg
  desktop-base gnome-themes-extra policykit-1
The following NEW packages will be installed:
  adwaita-icon-theme glib-networking glib-networking-common
  glib-networking-services gsettings-desktop-schemas gtk-update-icon-cache
  hicolor-icon-theme libatk-bridge2.0-0 libatk1.0-0 libatk1.0-data
  libatspi2.0-0 libayatana-ido3-0.4-0 libayatana-indicator3-7 libcolord2
  libepoxy0 libgdk-pixbuf-xlib-2.0-0 libgdk-pixbuf2.0-0 libgtk-3-0
  libgtk-3-common libjson-glib-1.0-0 libjson-glib-1.0-common
  liblightdm-gobject-1-0 libproxy1v5 librest-0.7-0 libsoup-gnome2.4-1
  libsoup2.4-1 libwayland-cursor0 libxaw7 libxcomposite1 libxcursor1
  libxinerama1 libxkbcommon0 libxkbfile1 libxklavier16 libxmu6 libxpm4
  libxrandr2 libxt6 lightdm lightdm-gtk-greeter x11-xkb-utils
0 upgraded, 41 newly installed, 0 to remove and 18 not upgraded.
Inst hicolor-icon-theme (0.17-2 Debian:11.3/stable [all])
Inst gtk-update-icon-cache (3.24.24-4+deb11u2 Debian:11.3/stable [amd64])
Inst adwaita-icon-theme (3.38.0-1 Debian:11.3/stable [all])
Inst libproxy1v5 (0.4.17-1 Debian:11.3/stable [amd64])
Inst glib-networking-common (2.66.0-2 Debian:11.3/stable [all])
Inst glib-networking-services (2.66.0-2 Debian:11.3/stable [amd64])
Inst gsettings-desktop-schemas (3.38.0-2 Debian:11.3/stable [all])
Inst glib-networking (2.66.0-2 Debian:11.3/stable [amd64])
Inst libatk1.0-data (2.36.0-2 Debian:11.3/stable [all])
Inst libatk1.0-0 (2.36.0-2 Debian:11.3/stable [amd64])
Inst libatspi2.0-0 (2.38.0-4 Debian:11.3/stable [amd64])
Inst libatk-bridge2.0-0 (2.38.0-1 Debian:11.3/stable [amd64])
Inst libcolord2 (1.4.5-3 Debian:11.3/stable [amd64])
Inst libepoxy0 (1.5.5-1 Debian:11.3/stable [amd64])
Inst libjson-glib-1.0-common (1.6.2-1 Debian:11.3/stable [all])
Inst libjson-glib-1.0-0 (1.6.2-1 Debian:11.3/stable [amd64])
Inst libsoup2.4-1 (2.72.0-2 Debian:11.3/stable [amd64])
Inst libsoup-gnome2.4-1 (2.72.0-2 Debian:11.3/stable [amd64])
Inst librest-0.7-0 (0.8.1-1.1 Debian:11.3/stable [amd64])
Inst libwayland-cursor0 (1.18.0-2~exp1.1 Debian:11.3/stable [amd64])
Inst libxcomposite1 (1:0.4.5-1 Debian:11.3/stable [amd64])
Inst libxcursor1 (1:1.2.0-2 Debian:11.3/stable [amd64])
Inst libxinerama1 (2:1.1.4-2 Debian:11.3/stable [amd64])
Inst libxkbcommon0 (1.0.3-2 Debian:11.3/stable [amd64])
Inst libxrandr2 (2:1.5.1-1 Debian:11.3/stable [amd64])
Inst libgtk-3-common (3.24.24-4+deb11u2 Debian:11.3/stable [all])
Inst libgtk-3-0 (3.24.24-4+deb11u2 Debian:11.3/stable [amd64])
Inst libayatana-ido3-0.4-0 (0.8.2-1 Debian:11.3/stable [amd64])
Inst libayatana-indicator3-7 (0.8.4-1+deb11u2 Debian:11.3/stable [amd64])
Inst libgdk-pixbuf-xlib-2.0-0 (2.40.2-2 Debian:11.3/stable [amd64])
Inst libgdk-pixbuf2.0-0 (2.40.2-2 Debian:11.3/stable [amd64])
Inst libxkbfile1 (1:1.1.0-1 Debian:11.3/stable [amd64])
Inst libxt6 (1:1.2.0-1 Debian:11.3/stable [amd64])
Inst libxmu6 (2:1.1.2-2+b3 Debian:11.3/stable [amd64])
Inst libxpm4 (1:3.5.12-1 Debian:11.3/stable [amd64])
Inst libxaw7 (2:1.0.13-1.1 Debian:11.3/stable [amd64])
Inst x11-xkb-utils (7.7+5 Debian:11.3/stable [amd64])
Inst libxklavier16 (5.4-4 Debian:11.3/stable [amd64])
Inst liblightdm-gobject-1-0 (1.26.0-7 Debian:11.3/stable [amd64])
Inst lightdm-gtk-greeter (2.0.8-2 Debian:11.3/stable [amd64])
Inst lightdm (1.26.0-7 Debian:11.3/stable [amd64])
Conf hicolor-icon-theme (0.17-2 Debian:11.3/stable [all])
Conf gtk-update-icon-cache (3.24.24-4+deb11u2 Debian:11.3/stable [amd64])
Conf adwaita-icon-theme (3.38.0-1 Debian:11.3/stable [all])
Conf libproxy1v5 (0.4.17-1 Debian:11.3/stable [amd64])
Conf glib-networking-common (2.66.0-2 Debian:11.3/stable [all])
Conf glib-networking-services (2.66.0-2 Debian:11.3/stable [amd64])
Conf gsettings-desktop-schemas (3.38.0-2 Debian:11.3/stable [all])
Conf glib-networking (2.66.0-2 Debian:11.3/stable [amd64])
Conf libatk1.0-data (2.36.0-2 Debian:11.3/stable [all])
Conf libatk1.0-0 (2.36.0-2 Debian:11.3/stable [amd64])
Conf libatspi2.0-0 (2.38.0-4 Debian:11.3/stable [amd64])
Conf libatk-bridge2.0-0 (2.38.0-1 Debian:11.3/stable [amd64])
Conf libcolord2 (1.4.5-3 Debian:11.3/stable [amd64])
Conf libepoxy0 (1.5.5-1 Debian:11.3/stable [amd64])
Conf libjson-glib-1.0-common (1.6.2-1 Debian:11.3/stable [all])
Conf libjson-glib-1.0-0 (1.6.2-1 Debian:11.3/stable [amd64])
Conf libsoup2.4-1 (2.72.0-2 Debian:11.3/stable [amd64])
Conf libsoup-gnome2.4-1 (2.72.0-2 Debian:11.3/stable [amd64])
Conf librest-0.7-0 (0.8.1-1.1 Debian:11.3/stable [amd64])
Conf libwayland-cursor0 (1.18.0-2~exp1.1 Debian:11.3/stable [amd64])
Conf libxcomposite1 (1:0.4.5-1 Debian:11.3/stable [amd64])
Conf libxcursor1 (1:1.2.0-2 Debian:11.3/stable [amd64])
Conf libxinerama1 (2:1.1.4-2 Debian:11.3/stable [amd64])
Conf libxkbcommon0 (1.0.3-2 Debian:11.3/stable [amd64])
Conf libxrandr2 (2:1.5.1-1 Debian:11.3/stable [amd64])
Conf libgtk-3-common (3.24.24-4+deb11u2 Debian:11.3/stable [all])
Conf libgtk-3-0 (3.24.24-4+deb11u2 Debian:11.3/stable [amd64])
Conf libayatana-ido3-0.4-0 (0.8.2-1 Debian:11.3/stable [amd64])
Conf libayatana-indicator3-7 (0.8.4-1+deb11u2 Debian:11.3/stable [amd64])
Conf libgdk-pixbuf-xlib-2.0-0 (2.40.2-2 Debian:11.3/stable [amd64])
Conf libgdk-pixbuf2.0-0 (2.40.2-2 Debian:11.3/stable [amd64])
Conf libxkbfile1 (1:1.1.0-1 Debian:11.3/stable [amd64])
Conf libxt6 (1:1.2.0-1 Debian:11.3/stable [amd64])
Conf libxmu6 (2:1.1.2-2+b3 Debian:11.3/stable [amd64])
Conf libxpm4 (1:3.5.12-1 Debian:11.3/stable [amd64])
Conf libxaw7 (2:1.0.13-1.1 Debian:11.3/stable [amd64])
Conf x11-xkb-utils (7.7+5 Debian:11.3/stable [amd64])
Conf libxklavier16 (5.4-4 Debian:11.3/stable [amd64])
Conf liblightdm-gobject-1-0 (1.26.0-7 Debian:11.3/stable [amd64])
Conf lightdm-gtk-greeter (2.0.8-2 Debian:11.3/stable [amd64])
Conf lightdm (1.26.0-7 Debian:11.3/stable [amd64])
