Reading package lists...
Building dependency tree...
Reading state information...
The following additional packages will be installed:
  faba-icon-theme gnome-icon-theme gtk-update-icon-cache hicolor-icon-theme
  librsvg2-common
The following NEW packages will be installed:
  faba-icon-theme gnome-icon-theme gtk-update-icon-cache hicolor-icon-theme
  librsvg2-common moka-icon-theme
0 upgraded, 6 newly installed, 0 to remove and 18 not upgraded.
Inst hicolor-icon-theme (0.17-2 Debian:11.3/stable [all])
Inst gtk-update-icon-cache (3.24.24-4+deb11u2 Debian:11.3/stable [amd64])
Inst librsvg2-common (2.50.3+dfsg-1 Debian:11.3/stable [amd64])
Inst gnome-icon-theme (3.12.0-3 Debian:11.3/stable [all])
Inst faba-icon-theme (4.3-1 Debian:11.3/stable [all])
Inst moka-icon-theme (5.4.0.3-1 Debian:11.3/stable [all])
Conf hicolor-icon-theme (0.17-2 Debian:11.3/stable [all])
Conf gtk-update-icon-cache (3.24.24-4+deb11u2 Debian:11.3/stable [amd64])
Conf librsvg2-common (2.50.3+dfsg-1 Debian:11.3/stable [amd64])
Conf gnome-icon-theme (3.12.0-3 Debian:11.3/stable [all])
Conf faba-icon-theme (4.3-1 Debian:11.3/stable [all])
Conf moka-icon-theme (5.4.0.3-1 Debian:11.3/stable [all])
