Reading package lists...
Building dependency tree...
Reading state information...
The following additional packages will be installed:
  adwaita-icon-theme bubblewrap desktop-file-utils gdisk glib-networking
  glib-networking-common glib-networking-services gnome-desktop3-data
  gsettings-desktop-schemas gtk-update-icon-cache gvfs gvfs-common
  gvfs-daemons gvfs-libs hicolor-icon-theme iso-codes libarchive13
  libatasmart4 libatk-bridge2.0-0 libatk1.0-0 libatk1.0-data libatspi2.0-0
  libblockdev-fs2 libblockdev-loop2 libblockdev-part-err2 libblockdev-part2
  libblockdev-swap2 libblockdev-utils2 libblockdev2 libbluray2 libcolord2
  libcue2 libcurl3-gnutls libepoxy0 libexempi8 libexif12 libexiv2-27
  libgck-1-0 libgcr-base-3-1 libgexiv2-2 libgif7 libglib2.0-bin
  libglib2.0-data libgnome-autoar-0-0 libgnome-desktop-3-19 libgsf-1-114
  libgsf-1-common libgstreamer-plugins-base1.0-0 libgstreamer1.0-0 libgtk-3-0
  libgtk-3-common libgudev-1.0-0 libgxps2 libiptcdata0 libjson-glib-1.0-0
  libjson-glib-1.0-common libldap-2.4-2 liblua5.2-0 libnautilus-extension1a
  libnghttp2-14 libosinfo-1.0-0 libparted-fs-resize0 libparted2
  libpolkit-agent-1-0 libpolkit-gobject-1-0 libpoppler-glib8 libproxy1v5
  libquvi-0.9-0.9.3 libquvi-scripts-0.9 librest-0.7-0 librtmp1 libsasl2-2
  libsasl2-modules-db libsecret-1-0 libsecret-common libsoup-gnome2.4-1
  libsoup2.4-1 libssh2-1 libstemmer0d libtotem-plparser-common
  libtotem-plparser18 libtracker-control-2.0-0 libtracker-miner-2.0-0
  libtracker-sparql-2.0-0 libudfread0 libudisks2-0 libunwind8 libupower-glib3
  libvorbisfile3 libwayland-cursor0 libxcomposite1 libxcursor1 libxinerama1
  libxkbcommon0 libxkbregistry0 libxrandr2 libxslt1.1 lua-bitop lua-expat
  lua-json lua-lpeg lua-socket nautilus-data osinfo-db parted tracker
  tracker-extract tracker-miner-fs udisks2 usb.ids
Suggested packages:
  gvfs-backends isoquery lrzip libbluray-bdj colord exiv2
  libvisual-0.4-plugins gstreamer1.0-tools libosinfo-l10n libparted-dev
  libparted-i18n eog evince | pdf-viewer nautilus-extension-brasero
  nautilus-sendto totem | mp3-decoder xdg-user-dirs parted-doc btrfs-progs
  f2fs-tools libblockdev-mdraid2 mdadm nilfs-tools reiserfsprogs udftools
  udisks2-bcache udisks2-btrfs udisks2-lvm2 udisks2-zram xfsprogs
Recommended packages:
  librsvg2-common at-spi2-core libaacs0 gstreamer1.0-plugins-base libgtk-3-bin
  libldap-common libsasl2-modules upower gnome-sushi gvfs-backends
  libgdk-pixbuf2.0-bin eject libblockdev-crypto2 policykit-1 exfatprogs
  | exfat-utils
The following NEW packages will be installed:
  adwaita-icon-theme bubblewrap desktop-file-utils gdisk glib-networking
  glib-networking-common glib-networking-services gnome-desktop3-data
  gsettings-desktop-schemas gtk-update-icon-cache gvfs gvfs-common
  gvfs-daemons gvfs-libs hicolor-icon-theme iso-codes libarchive13
  libatasmart4 libatk-bridge2.0-0 libatk1.0-0 libatk1.0-data libatspi2.0-0
  libblockdev-fs2 libblockdev-loop2 libblockdev-part-err2 libblockdev-part2
  libblockdev-swap2 libblockdev-utils2 libblockdev2 libbluray2 libcolord2
  libcue2 libcurl3-gnutls libepoxy0 libexempi8 libexif12 libexiv2-27
  libgck-1-0 libgcr-base-3-1 libgexiv2-2 libgif7 libglib2.0-bin
  libglib2.0-data libgnome-autoar-0-0 libgnome-desktop-3-19 libgsf-1-114
  libgsf-1-common libgstreamer-plugins-base1.0-0 libgstreamer1.0-0 libgtk-3-0
  libgtk-3-common libgudev-1.0-0 libgxps2 libiptcdata0 libjson-glib-1.0-0
  libjson-glib-1.0-common libldap-2.4-2 liblua5.2-0 libnautilus-extension1a
  libnghttp2-14 libosinfo-1.0-0 libparted-fs-resize0 libparted2
  libpolkit-agent-1-0 libpolkit-gobject-1-0 libpoppler-glib8 libproxy1v5
  libquvi-0.9-0.9.3 libquvi-scripts-0.9 librest-0.7-0 librtmp1 libsasl2-2
  libsasl2-modules-db libsecret-1-0 libsecret-common libsoup-gnome2.4-1
  libsoup2.4-1 libssh2-1 libstemmer0d libtotem-plparser-common
  libtotem-plparser18 libtracker-control-2.0-0 libtracker-miner-2.0-0
  libtracker-sparql-2.0-0 libudfread0 libudisks2-0 libunwind8 libupower-glib3
  libvorbisfile3 libwayland-cursor0 libxcomposite1 libxcursor1 libxinerama1
  libxkbcommon0 libxkbregistry0 libxrandr2 libxslt1.1 lua-bitop lua-expat
  lua-json lua-lpeg lua-socket nautilus nautilus-data osinfo-db parted tracker
  tracker-extract tracker-miner-fs udisks2 usb.ids
0 upgraded, 111 newly installed, 0 to remove and 18 not upgraded.
Inst libsasl2-modules-db (2.1.27+dfsg-2.1+deb11u1 Debian:11.3/stable, Debian-Security:11/stable-security [amd64])
Inst libsasl2-2 (2.1.27+dfsg-2.1+deb11u1 Debian:11.3/stable, Debian-Security:11/stable-security [amd64])
Inst libldap-2.4-2 (2.4.57+dfsg-3 Debian:11.3/stable [amd64])
Inst libnghttp2-14 (1.43.0-1 Debian:11.3/stable [amd64])
Inst librtmp1 (2.4+20151223.gitfa8646d.1-2+b2 Debian:11.3/stable [amd64])
Inst libssh2-1 (1.9.0-2 Debian:11.3/stable [amd64])
Inst libcurl3-gnutls (7.74.0-1.3+deb11u1 Debian:11.3/stable [amd64])
Inst liblua5.2-0 (5.2.4-1.1+b3 Debian:11.3/stable [amd64])
Inst libproxy1v5 (0.4.17-1 Debian:11.3/stable [amd64])
Inst lua-bitop (1.0.2-5 Debian:11.3/stable [amd64])
Inst lua-expat (1.3.0-4+b1 Debian:11.3/stable [amd64])
Inst lua-lpeg (1.0.2-1 Debian:11.3/stable [amd64])
Inst lua-json (1.3.4-2 Debian:11.3/stable [all])
Inst lua-socket (3.0~rc1+git+ac3201d-4 Debian:11.3/stable [amd64])
Inst libquvi-scripts-0.9 (0.9.20131130-1.2 Debian:11.3/stable [all])
Inst libquvi-0.9-0.9.3 (0.9.3-1.3 Debian:11.3/stable [amd64])
Inst hicolor-icon-theme (0.17-2 Debian:11.3/stable [all])
Inst gtk-update-icon-cache (3.24.24-4+deb11u2 Debian:11.3/stable [amd64])
Inst adwaita-icon-theme (3.38.0-1 Debian:11.3/stable [all])
Inst bubblewrap (0.4.1-3 Debian:11.3/stable [amd64])
Inst desktop-file-utils (0.26-1 Debian:11.3/stable [amd64])
Inst gdisk (1.0.6-1.1 Debian:11.3/stable [amd64])
Inst glib-networking-common (2.66.0-2 Debian:11.3/stable [all])
Inst glib-networking-services (2.66.0-2 Debian:11.3/stable [amd64])
Inst gsettings-desktop-schemas (3.38.0-2 Debian:11.3/stable [all])
Inst glib-networking (2.66.0-2 Debian:11.3/stable [amd64])
Inst gnome-desktop3-data (3.38.5-3 Debian:11.3/stable [all])
Inst gvfs-common (1.46.2-1 Debian:11.3/stable [all])
Inst libgck-1-0 (3.38.1-2 Debian:11.3/stable [amd64])
Inst libgcr-base-3-1 (3.38.1-2 Debian:11.3/stable [amd64])
Inst libsecret-common (0.20.4-2 Debian:11.3/stable [all])
Inst libsecret-1-0 (0.20.4-2 Debian:11.3/stable [amd64])
Inst gvfs-libs (1.46.2-1 Debian:11.3/stable [amd64])
Inst libblockdev-part-err2 (2.25-2 Debian:11.3/stable [amd64])
Inst libblockdev-utils2 (2.25-2 Debian:11.3/stable [amd64])
Inst libparted2 (3.4-1 Debian:11.3/stable [amd64])
Inst libparted-fs-resize0 (3.4-1 Debian:11.3/stable [amd64])
Inst libblockdev-fs2 (2.25-2 Debian:11.3/stable [amd64])
Inst libblockdev-loop2 (2.25-2 Debian:11.3/stable [amd64])
Inst libblockdev-part2 (2.25-2 Debian:11.3/stable [amd64])
Inst libblockdev-swap2 (2.25-2 Debian:11.3/stable [amd64])
Inst parted (3.4-1 Debian:11.3/stable [amd64])
Inst libatasmart4 (0.19-5 Debian:11.3/stable [amd64])
Inst libblockdev2 (2.25-2 Debian:11.3/stable [amd64])
Inst libgudev-1.0-0 (234-1 Debian:11.3/stable [amd64])
Inst libpolkit-gobject-1-0 (0.105-31+deb11u1 Debian:11.3/stable, Debian-Security:11/stable-security [amd64])
Inst libpolkit-agent-1-0 (0.105-31+deb11u1 Debian:11.3/stable, Debian-Security:11/stable-security [amd64])
Inst libudisks2-0 (2.9.2-2+deb11u1 Debian:11.3/stable [amd64])
Inst udisks2 (2.9.2-2+deb11u1 Debian:11.3/stable [amd64])
Inst libudfread0 (1.1.1-1 Debian:11.3/stable [amd64])
Inst libbluray2 (1:1.2.1-4+deb11u1 Debian:11.3/stable [amd64])
Inst gvfs-daemons (1.46.2-1 Debian:11.3/stable [amd64])
Inst gvfs (1.46.2-1 Debian:11.3/stable [amd64])
Inst iso-codes (4.6.0-1 Debian:11.3/stable [all])
Inst libarchive13 (3.4.3-2+deb11u1 Debian:11.3/stable [amd64])
Inst libatk1.0-data (2.36.0-2 Debian:11.3/stable [all])
Inst libatk1.0-0 (2.36.0-2 Debian:11.3/stable [amd64])
Inst libatspi2.0-0 (2.38.0-4 Debian:11.3/stable [amd64])
Inst libatk-bridge2.0-0 (2.38.0-1 Debian:11.3/stable [amd64])
Inst libcolord2 (1.4.5-3 Debian:11.3/stable [amd64])
Inst libcue2 (2.2.1-3 Debian:11.3/stable [amd64])
Inst libepoxy0 (1.5.5-1 Debian:11.3/stable [amd64])
Inst libexempi8 (2.5.2-1 Debian:11.3/stable [amd64])
Inst libexif12 (0.6.22-3 Debian:11.3/stable [amd64])
Inst libexiv2-27 (0.27.3-3+deb11u1 Debian:11.3/stable, Debian-Security:11/stable-security [amd64])
Inst libgexiv2-2 (0.12.1-1 Debian:11.3/stable [amd64])
Inst libgif7 (5.1.9-2 Debian:11.3/stable [amd64])
Inst libglib2.0-data (2.66.8-1 Debian:11.3/stable [all])
Inst libglib2.0-bin (2.66.8-1 Debian:11.3/stable [amd64])
Inst libgnome-autoar-0-0 (0.2.4-3 Debian:11.3/stable [amd64])
Inst libjson-glib-1.0-common (1.6.2-1 Debian:11.3/stable [all])
Inst libjson-glib-1.0-0 (1.6.2-1 Debian:11.3/stable [amd64])
Inst libsoup2.4-1 (2.72.0-2 Debian:11.3/stable [amd64])
Inst libsoup-gnome2.4-1 (2.72.0-2 Debian:11.3/stable [amd64])
Inst librest-0.7-0 (0.8.1-1.1 Debian:11.3/stable [amd64])
Inst libwayland-cursor0 (1.18.0-2~exp1.1 Debian:11.3/stable [amd64])
Inst libxcomposite1 (1:0.4.5-1 Debian:11.3/stable [amd64])
Inst libxcursor1 (1:1.2.0-2 Debian:11.3/stable [amd64])
Inst libxinerama1 (2:1.1.4-2 Debian:11.3/stable [amd64])
Inst libxkbcommon0 (1.0.3-2 Debian:11.3/stable [amd64])
Inst libxrandr2 (2:1.5.1-1 Debian:11.3/stable [amd64])
Inst libgtk-3-common (3.24.24-4+deb11u2 Debian:11.3/stable [all])
Inst libgtk-3-0 (3.24.24-4+deb11u2 Debian:11.3/stable [amd64])
Inst libxkbregistry0 (1.0.3-2 Debian:11.3/stable [amd64])
Inst libgnome-desktop-3-19 (3.38.5-3 Debian:11.3/stable [amd64])
Inst libgsf-1-common (1.14.47-1 Debian:11.3/stable [all])
Inst libgsf-1-114 (1.14.47-1 Debian:11.3/stable [amd64])
Inst libunwind8 (1.3.2-2 Debian:11.3/stable [amd64])
Inst libgstreamer1.0-0 (1.18.4-2.1 Debian:11.3/stable [amd64])
Inst libgstreamer-plugins-base1.0-0 (1.18.4-2 Debian:11.3/stable [amd64])
Inst libgxps2 (0.3.2-1 Debian:11.3/stable [amd64])
Inst libiptcdata0 (1.0.5-2.3 Debian:11.3/stable [amd64])
Inst libnautilus-extension1a (3.38.2-1+deb11u1 Debian:11.3/stable [amd64])
Inst libxslt1.1 (1.1.34-4 Debian:11.3/stable [amd64])
Inst usb.ids (2022.02.15-0+deb11u1 Debian:11.3/stable [all])
Inst osinfo-db (0.20210215-1 Debian:11.3/stable [all])
Inst libosinfo-1.0-0 (1.8.0-1 Debian:11.3/stable [amd64])
Inst libpoppler-glib8 (20.09.0-3.1 Debian:11.3/stable [amd64])
Inst libstemmer0d (2.1.0-1 Debian:11.3/stable [amd64])
Inst libtotem-plparser-common (3.26.5-5 Debian:11.3/stable [all])
Inst libtotem-plparser18 (3.26.5-5 Debian:11.3/stable [amd64])
Inst libtracker-sparql-2.0-0 (2.3.6-2 Debian:11.3/stable [amd64])
Inst libtracker-control-2.0-0 (2.3.6-2 Debian:11.3/stable [amd64])
Inst libtracker-miner-2.0-0 (2.3.6-2 Debian:11.3/stable [amd64])
Inst libupower-glib3 (0.99.11-2 Debian:11.3/stable [amd64])
Inst libvorbisfile3 (1.3.7-1 Debian:11.3/stable [amd64])
Inst nautilus-data (3.38.2-1+deb11u1 Debian:11.3/stable [all])
Inst tracker (2.3.6-2 Debian:11.3/stable [amd64])
Inst tracker-extract (2.3.5-2.1 Debian:11.3/stable [amd64])
Inst tracker-miner-fs (2.3.5-2.1 Debian:11.3/stable [amd64])
Inst nautilus (3.38.2-1+deb11u1 Debian:11.3/stable [amd64])
Conf libsasl2-modules-db (2.1.27+dfsg-2.1+deb11u1 Debian:11.3/stable, Debian-Security:11/stable-security [amd64])
Conf libsasl2-2 (2.1.27+dfsg-2.1+deb11u1 Debian:11.3/stable, Debian-Security:11/stable-security [amd64])
Conf libldap-2.4-2 (2.4.57+dfsg-3 Debian:11.3/stable [amd64])
Conf libnghttp2-14 (1.43.0-1 Debian:11.3/stable [amd64])
Conf librtmp1 (2.4+20151223.gitfa8646d.1-2+b2 Debian:11.3/stable [amd64])
Conf libssh2-1 (1.9.0-2 Debian:11.3/stable [amd64])
Conf libcurl3-gnutls (7.74.0-1.3+deb11u1 Debian:11.3/stable [amd64])
Conf liblua5.2-0 (5.2.4-1.1+b3 Debian:11.3/stable [amd64])
Conf libproxy1v5 (0.4.17-1 Debian:11.3/stable [amd64])
Conf lua-bitop (1.0.2-5 Debian:11.3/stable [amd64])
Conf lua-expat (1.3.0-4+b1 Debian:11.3/stable [amd64])
Conf lua-lpeg (1.0.2-1 Debian:11.3/stable [amd64])
Conf lua-json (1.3.4-2 Debian:11.3/stable [all])
Conf lua-socket (3.0~rc1+git+ac3201d-4 Debian:11.3/stable [amd64])
Conf libquvi-scripts-0.9 (0.9.20131130-1.2 Debian:11.3/stable [all])
Conf libquvi-0.9-0.9.3 (0.9.3-1.3 Debian:11.3/stable [amd64])
Conf hicolor-icon-theme (0.17-2 Debian:11.3/stable [all])
Conf gtk-update-icon-cache (3.24.24-4+deb11u2 Debian:11.3/stable [amd64])
Conf adwaita-icon-theme (3.38.0-1 Debian:11.3/stable [all])
Conf bubblewrap (0.4.1-3 Debian:11.3/stable [amd64])
Conf desktop-file-utils (0.26-1 Debian:11.3/stable [amd64])
Conf gdisk (1.0.6-1.1 Debian:11.3/stable [amd64])
Conf glib-networking-common (2.66.0-2 Debian:11.3/stable [all])
Conf glib-networking-services (2.66.0-2 Debian:11.3/stable [amd64])
Conf gsettings-desktop-schemas (3.38.0-2 Debian:11.3/stable [all])
Conf glib-networking (2.66.0-2 Debian:11.3/stable [amd64])
Conf gnome-desktop3-data (3.38.5-3 Debian:11.3/stable [all])
Conf gvfs-common (1.46.2-1 Debian:11.3/stable [all])
Conf libgck-1-0 (3.38.1-2 Debian:11.3/stable [amd64])
Conf libgcr-base-3-1 (3.38.1-2 Debian:11.3/stable [amd64])
Conf libsecret-common (0.20.4-2 Debian:11.3/stable [all])
Conf libsecret-1-0 (0.20.4-2 Debian:11.3/stable [amd64])
Conf gvfs-libs (1.46.2-1 Debian:11.3/stable [amd64])
Conf libblockdev-part-err2 (2.25-2 Debian:11.3/stable [amd64])
Conf libblockdev-utils2 (2.25-2 Debian:11.3/stable [amd64])
Conf libparted2 (3.4-1 Debian:11.3/stable [amd64])
Conf libparted-fs-resize0 (3.4-1 Debian:11.3/stable [amd64])
Conf libblockdev-fs2 (2.25-2 Debian:11.3/stable [amd64])
Conf libblockdev-loop2 (2.25-2 Debian:11.3/stable [amd64])
Conf libblockdev-part2 (2.25-2 Debian:11.3/stable [amd64])
Conf libblockdev-swap2 (2.25-2 Debian:11.3/stable [amd64])
Conf parted (3.4-1 Debian:11.3/stable [amd64])
Conf libatasmart4 (0.19-5 Debian:11.3/stable [amd64])
Conf libblockdev2 (2.25-2 Debian:11.3/stable [amd64])
Conf libgudev-1.0-0 (234-1 Debian:11.3/stable [amd64])
Conf libpolkit-gobject-1-0 (0.105-31+deb11u1 Debian:11.3/stable, Debian-Security:11/stable-security [amd64])
Conf libpolkit-agent-1-0 (0.105-31+deb11u1 Debian:11.3/stable, Debian-Security:11/stable-security [amd64])
Conf libudisks2-0 (2.9.2-2+deb11u1 Debian:11.3/stable [amd64])
Conf udisks2 (2.9.2-2+deb11u1 Debian:11.3/stable [amd64])
Conf libudfread0 (1.1.1-1 Debian:11.3/stable [amd64])
Conf libbluray2 (1:1.2.1-4+deb11u1 Debian:11.3/stable [amd64])
Conf gvfs-daemons (1.46.2-1 Debian:11.3/stable [amd64])
Conf gvfs (1.46.2-1 Debian:11.3/stable [amd64])
Conf iso-codes (4.6.0-1 Debian:11.3/stable [all])
Conf libarchive13 (3.4.3-2+deb11u1 Debian:11.3/stable [amd64])
Conf libatk1.0-data (2.36.0-2 Debian:11.3/stable [all])
Conf libatk1.0-0 (2.36.0-2 Debian:11.3/stable [amd64])
Conf libatspi2.0-0 (2.38.0-4 Debian:11.3/stable [amd64])
Conf libatk-bridge2.0-0 (2.38.0-1 Debian:11.3/stable [amd64])
Conf libcolord2 (1.4.5-3 Debian:11.3/stable [amd64])
Conf libcue2 (2.2.1-3 Debian:11.3/stable [amd64])
Conf libepoxy0 (1.5.5-1 Debian:11.3/stable [amd64])
Conf libexempi8 (2.5.2-1 Debian:11.3/stable [amd64])
Conf libexif12 (0.6.22-3 Debian:11.3/stable [amd64])
Conf libexiv2-27 (0.27.3-3+deb11u1 Debian:11.3/stable, Debian-Security:11/stable-security [amd64])
Conf libgexiv2-2 (0.12.1-1 Debian:11.3/stable [amd64])
Conf libgif7 (5.1.9-2 Debian:11.3/stable [amd64])
Conf libglib2.0-data (2.66.8-1 Debian:11.3/stable [all])
Conf libglib2.0-bin (2.66.8-1 Debian:11.3/stable [amd64])
Conf libgnome-autoar-0-0 (0.2.4-3 Debian:11.3/stable [amd64])
Conf libjson-glib-1.0-common (1.6.2-1 Debian:11.3/stable [all])
Conf libjson-glib-1.0-0 (1.6.2-1 Debian:11.3/stable [amd64])
Conf libsoup2.4-1 (2.72.0-2 Debian:11.3/stable [amd64])
Conf libsoup-gnome2.4-1 (2.72.0-2 Debian:11.3/stable [amd64])
Conf librest-0.7-0 (0.8.1-1.1 Debian:11.3/stable [amd64])
Conf libwayland-cursor0 (1.18.0-2~exp1.1 Debian:11.3/stable [amd64])
Conf libxcomposite1 (1:0.4.5-1 Debian:11.3/stable [amd64])
Conf libxcursor1 (1:1.2.0-2 Debian:11.3/stable [amd64])
Conf libxinerama1 (2:1.1.4-2 Debian:11.3/stable [amd64])
Conf libxkbcommon0 (1.0.3-2 Debian:11.3/stable [amd64])
Conf libxrandr2 (2:1.5.1-1 Debian:11.3/stable [amd64])
Conf libgtk-3-common (3.24.24-4+deb11u2 Debian:11.3/stable [all])
Conf libgtk-3-0 (3.24.24-4+deb11u2 Debian:11.3/stable [amd64])
Conf libxkbregistry0 (1.0.3-2 Debian:11.3/stable [amd64])
Conf libgnome-desktop-3-19 (3.38.5-3 Debian:11.3/stable [amd64])
Conf libgsf-1-common (1.14.47-1 Debian:11.3/stable [all])
Conf libgsf-1-114 (1.14.47-1 Debian:11.3/stable [amd64])
Conf libunwind8 (1.3.2-2 Debian:11.3/stable [amd64])
Conf libgstreamer1.0-0 (1.18.4-2.1 Debian:11.3/stable [amd64])
Conf libgstreamer-plugins-base1.0-0 (1.18.4-2 Debian:11.3/stable [amd64])
Conf libgxps2 (0.3.2-1 Debian:11.3/stable [amd64])
Conf libiptcdata0 (1.0.5-2.3 Debian:11.3/stable [amd64])
Conf libnautilus-extension1a (3.38.2-1+deb11u1 Debian:11.3/stable [amd64])
Conf libxslt1.1 (1.1.34-4 Debian:11.3/stable [amd64])
Conf usb.ids (2022.02.15-0+deb11u1 Debian:11.3/stable [all])
Conf osinfo-db (0.20210215-1 Debian:11.3/stable [all])
Conf libosinfo-1.0-0 (1.8.0-1 Debian:11.3/stable [amd64])
Conf libpoppler-glib8 (20.09.0-3.1 Debian:11.3/stable [amd64])
Conf libstemmer0d (2.1.0-1 Debian:11.3/stable [amd64])
Conf libtotem-plparser-common (3.26.5-5 Debian:11.3/stable [all])
Conf libtotem-plparser18 (3.26.5-5 Debian:11.3/stable [amd64])
Conf libtracker-sparql-2.0-0 (2.3.6-2 Debian:11.3/stable [amd64])
Conf libtracker-control-2.0-0 (2.3.6-2 Debian:11.3/stable [amd64])
Conf libtracker-miner-2.0-0 (2.3.6-2 Debian:11.3/stable [amd64])
Conf libupower-glib3 (0.99.11-2 Debian:11.3/stable [amd64])
Conf libvorbisfile3 (1.3.7-1 Debian:11.3/stable [amd64])
Conf nautilus-data (3.38.2-1+deb11u1 Debian:11.3/stable [all])
Conf tracker (2.3.6-2 Debian:11.3/stable [amd64])
Conf tracker-extract (2.3.5-2.1 Debian:11.3/stable [amd64])
Conf tracker-miner-fs (2.3.5-2.1 Debian:11.3/stable [amd64])
Conf nautilus (3.38.2-1+deb11u1 Debian:11.3/stable [amd64])
