Reading package lists...
Building dependency tree...
Reading state information...
The following additional packages will be installed:
  libepoxy0 libfontenc1 libunwind8 libxaw7 libxcb-util1 libxcursor1 libxfont2
  libxinerama1 libxkbfile1 libxmu6 libxpm4 libxrandr2 libxss1 libxt6 libxvmc1
  x11-xkb-utils xserver-common xserver-xorg-core
Suggested packages:
  xfonts-100dpi | xfonts-75dpi xfonts-scalable
Recommended packages:
  xfonts-base xauth
The following NEW packages will be installed:
  libepoxy0 libfontenc1 libunwind8 libxaw7 libxcb-util1 libxcursor1 libxfont2
  libxinerama1 libxkbfile1 libxmu6 libxpm4 libxrandr2 libxss1 libxt6 libxvmc1
  x11-xkb-utils xserver-common xserver-xorg-core xserver-xorg-video-intel
0 upgraded, 19 newly installed, 0 to remove and 18 not upgraded.
Inst libepoxy0 (1.5.5-1 Debian:11.3/stable [amd64])
Inst libfontenc1 (1:1.1.4-1 Debian:11.3/stable [amd64])
Inst libunwind8 (1.3.2-2 Debian:11.3/stable [amd64])
Inst libxt6 (1:1.2.0-1 Debian:11.3/stable [amd64])
Inst libxmu6 (2:1.1.2-2+b3 Debian:11.3/stable [amd64])
Inst libxpm4 (1:3.5.12-1 Debian:11.3/stable [amd64])
Inst libxaw7 (2:1.0.13-1.1 Debian:11.3/stable [amd64])
Inst libxcb-util1 (0.4.0-1+b1 Debian:11.3/stable [amd64])
Inst libxcursor1 (1:1.2.0-2 Debian:11.3/stable [amd64])
Inst libxfont2 (1:2.0.4-1 Debian:11.3/stable [amd64])
Inst libxinerama1 (2:1.1.4-2 Debian:11.3/stable [amd64])
Inst libxkbfile1 (1:1.1.0-1 Debian:11.3/stable [amd64])
Inst libxrandr2 (2:1.5.1-1 Debian:11.3/stable [amd64])
Inst libxss1 (1:1.2.3-1 Debian:11.3/stable [amd64])
Inst libxvmc1 (2:1.0.12-2 Debian:11.3/stable [amd64])
Inst x11-xkb-utils (7.7+5 Debian:11.3/stable [amd64])
Inst xserver-common (2:1.20.11-1+deb11u1 Debian:11.3/stable, Debian-Security:11/stable-security [all])
Inst xserver-xorg-core (2:1.20.11-1+deb11u1 Debian:11.3/stable, Debian-Security:11/stable-security [amd64])
Inst xserver-xorg-video-intel (2:2.99.917+git20200714-1+deb11u1 Debian:11.3/stable [amd64])
Conf libepoxy0 (1.5.5-1 Debian:11.3/stable [amd64])
Conf libfontenc1 (1:1.1.4-1 Debian:11.3/stable [amd64])
Conf libunwind8 (1.3.2-2 Debian:11.3/stable [amd64])
Conf libxt6 (1:1.2.0-1 Debian:11.3/stable [amd64])
Conf libxmu6 (2:1.1.2-2+b3 Debian:11.3/stable [amd64])
Conf libxpm4 (1:3.5.12-1 Debian:11.3/stable [amd64])
Conf libxaw7 (2:1.0.13-1.1 Debian:11.3/stable [amd64])
Conf libxcb-util1 (0.4.0-1+b1 Debian:11.3/stable [amd64])
Conf libxcursor1 (1:1.2.0-2 Debian:11.3/stable [amd64])
Conf libxfont2 (1:2.0.4-1 Debian:11.3/stable [amd64])
Conf libxinerama1 (2:1.1.4-2 Debian:11.3/stable [amd64])
Conf libxkbfile1 (1:1.1.0-1 Debian:11.3/stable [amd64])
Conf libxrandr2 (2:1.5.1-1 Debian:11.3/stable [amd64])
Conf libxss1 (1:1.2.3-1 Debian:11.3/stable [amd64])
Conf libxvmc1 (2:1.0.12-2 Debian:11.3/stable [amd64])
Conf x11-xkb-utils (7.7+5 Debian:11.3/stable [amd64])
Conf xserver-common (2:1.20.11-1+deb11u1 Debian:11.3/stable, Debian-Security:11/stable-security [all])
Conf xserver-xorg-core (2:1.20.11-1+deb11u1 Debian:11.3/stable, Debian-Security:11/stable-security [amd64])
Conf xserver-xorg-video-intel (2:2.99.917+git20200714-1+deb11u1 Debian:11.3/stable [amd64])
