Reading package lists...
Building dependency tree...
Reading state information...
The following additional packages will be installed:
  libepoxy0 libevdev2 libfontenc1 libgudev-1.0-0 libinput-bin libinput10
  libmtdev1 libunwind8 libwacom-common libwacom2 libxatracker2 libxaw7
  libxfont2 libxkbfile1 libxmu6 libxpm4 libxt6 x11-xkb-utils xserver-common
  xserver-xorg-core xserver-xorg-input-all xserver-xorg-input-libinput
  xserver-xorg-video-all xserver-xorg-video-amdgpu xserver-xorg-video-ati
  xserver-xorg-video-fbdev xserver-xorg-video-nouveau
  xserver-xorg-video-radeon xserver-xorg-video-vesa xserver-xorg-video-vmware
Suggested packages:
  xfonts-100dpi | xfonts-75dpi xfonts-scalable xserver-xorg-video-r128
  xserver-xorg-video-mach64
Recommended packages:
  libwacom-bin xfonts-base xauth xserver-xorg-legacy xserver-xorg-input-wacom
  xserver-xorg-video-intel xserver-xorg-video-qxl
The following NEW packages will be installed:
  libepoxy0 libevdev2 libfontenc1 libgudev-1.0-0 libinput-bin libinput10
  libmtdev1 libunwind8 libwacom-common libwacom2 libxatracker2 libxaw7
  libxfont2 libxkbfile1 libxmu6 libxpm4 libxt6 x11-xkb-utils xserver-common
  xserver-xorg xserver-xorg-core xserver-xorg-input-all
  xserver-xorg-input-libinput xserver-xorg-video-all xserver-xorg-video-amdgpu
  xserver-xorg-video-ati xserver-xorg-video-fbdev xserver-xorg-video-nouveau
  xserver-xorg-video-radeon xserver-xorg-video-vesa xserver-xorg-video-vmware
0 upgraded, 31 newly installed, 0 to remove and 18 not upgraded.
Inst libepoxy0 (1.5.5-1 Debian:11.3/stable [amd64])
Inst libevdev2 (1.11.0+dfsg-1 Debian:11.3/stable [amd64])
Inst libfontenc1 (1:1.1.4-1 Debian:11.3/stable [amd64])
Inst libgudev-1.0-0 (234-1 Debian:11.3/stable [amd64])
Inst libwacom-common (1.8-2 Debian:11.3/stable [all])
Inst libwacom2 (1.8-2 Debian:11.3/stable [amd64])
Inst libinput-bin (1.16.4-3 Debian:11.3/stable [amd64])
Inst libmtdev1 (1.1.6-1 Debian:11.3/stable [amd64])
Inst libinput10 (1.16.4-3 Debian:11.3/stable [amd64])
Inst libunwind8 (1.3.2-2 Debian:11.3/stable [amd64])
Inst libxatracker2 (20.3.5-1 Debian:11.3/stable [amd64])
Inst libxt6 (1:1.2.0-1 Debian:11.3/stable [amd64])
Inst libxmu6 (2:1.1.2-2+b3 Debian:11.3/stable [amd64])
Inst libxpm4 (1:3.5.12-1 Debian:11.3/stable [amd64])
Inst libxaw7 (2:1.0.13-1.1 Debian:11.3/stable [amd64])
Inst libxfont2 (1:2.0.4-1 Debian:11.3/stable [amd64])
Inst libxkbfile1 (1:1.1.0-1 Debian:11.3/stable [amd64])
Inst x11-xkb-utils (7.7+5 Debian:11.3/stable [amd64])
Inst xserver-common (2:1.20.11-1+deb11u1 Debian:11.3/stable, Debian-Security:11/stable-security [all])
Inst xserver-xorg-core (2:1.20.11-1+deb11u1 Debian:11.3/stable, Debian-Security:11/stable-security [amd64])
Inst xserver-xorg-video-amdgpu (19.1.0-2 Debian:11.3/stable [amd64])
Inst xserver-xorg-video-radeon (1:19.1.0-2 Debian:11.3/stable [amd64])
Inst xserver-xorg-video-ati (1:19.1.0-2 Debian:11.3/stable [amd64])
Inst xserver-xorg-video-fbdev (1:0.5.0-1 Debian:11.3/stable [amd64])
Inst xserver-xorg-video-nouveau (1:1.0.17-1 Debian:11.3/stable [amd64])
Inst xserver-xorg-video-vesa (1:2.5.0-1 Debian:11.3/stable [amd64])
Inst xserver-xorg-video-vmware (1:13.3.0-3 Debian:11.3/stable [amd64])
Inst xserver-xorg-video-all (1:7.7+22 Debian:11.3/stable [amd64])
Inst xserver-xorg-input-libinput (0.30.0-1 Debian:11.3/stable [amd64])
Inst xserver-xorg-input-all (1:7.7+22 Debian:11.3/stable [amd64])
Inst xserver-xorg (1:7.7+22 Debian:11.3/stable [amd64])
Conf libepoxy0 (1.5.5-1 Debian:11.3/stable [amd64])
Conf libevdev2 (1.11.0+dfsg-1 Debian:11.3/stable [amd64])
Conf libfontenc1 (1:1.1.4-1 Debian:11.3/stable [amd64])
Conf libgudev-1.0-0 (234-1 Debian:11.3/stable [amd64])
Conf libwacom-common (1.8-2 Debian:11.3/stable [all])
Conf libwacom2 (1.8-2 Debian:11.3/stable [amd64])
Conf libinput-bin (1.16.4-3 Debian:11.3/stable [amd64])
Conf libmtdev1 (1.1.6-1 Debian:11.3/stable [amd64])
Conf libinput10 (1.16.4-3 Debian:11.3/stable [amd64])
Conf libunwind8 (1.3.2-2 Debian:11.3/stable [amd64])
Conf libxatracker2 (20.3.5-1 Debian:11.3/stable [amd64])
Conf libxt6 (1:1.2.0-1 Debian:11.3/stable [amd64])
Conf libxmu6 (2:1.1.2-2+b3 Debian:11.3/stable [amd64])
Conf libxpm4 (1:3.5.12-1 Debian:11.3/stable [amd64])
Conf libxaw7 (2:1.0.13-1.1 Debian:11.3/stable [amd64])
Conf libxfont2 (1:2.0.4-1 Debian:11.3/stable [amd64])
Conf libxkbfile1 (1:1.1.0-1 Debian:11.3/stable [amd64])
Conf x11-xkb-utils (7.7+5 Debian:11.3/stable [amd64])
Conf xserver-common (2:1.20.11-1+deb11u1 Debian:11.3/stable, Debian-Security:11/stable-security [all])
Conf xserver-xorg-core (2:1.20.11-1+deb11u1 Debian:11.3/stable, Debian-Security:11/stable-security [amd64])
Conf xserver-xorg-video-amdgpu (19.1.0-2 Debian:11.3/stable [amd64])
Conf xserver-xorg-video-radeon (1:19.1.0-2 Debian:11.3/stable [amd64])
Conf xserver-xorg-video-ati (1:19.1.0-2 Debian:11.3/stable [amd64])
Conf xserver-xorg-video-fbdev (1:0.5.0-1 Debian:11.3/stable [amd64])
Conf xserver-xorg-video-nouveau (1:1.0.17-1 Debian:11.3/stable [amd64])
Conf xserver-xorg-video-vesa (1:2.5.0-1 Debian:11.3/stable [amd64])
Conf xserver-xorg-video-vmware (1:13.3.0-3 Debian:11.3/stable [amd64])
Conf xserver-xorg-video-all (1:7.7+22 Debian:11.3/stable [amd64])
Conf xserver-xorg-input-libinput (0.30.0-1 Debian:11.3/stable [amd64])
Conf xserver-xorg-input-all (1:7.7+22 Debian:11.3/stable [amd64])
Conf xserver-xorg (1:7.7+22 Debian:11.3/stable [amd64])
