Reading package lists...
Building dependency tree...
Reading state information...
The following packages were automatically installed and are no longer required:
  gettext-base libc6-i386 libefiboot1 libefivar1
Use 'apt autoremove' to remove them.
The following additional packages will be installed:
  binutils binutils-common binutils-x86-64-linux-gnu cpp cpp-10 g++-10 gcc
  gcc-10 libasan6 libatomic1 libbinutils libc-dev-bin libc6-dev libcc1-0
  libcrypt-dev libctf-nobfd0 libctf0 libgcc-10-dev libisl23 libitm1 liblsan0
  libmpc3 libmpfr6 libnsl-dev libquadmath0 libstdc++-10-dev libtirpc-dev
  libtsan0 libubsan1 linux-libc-dev
Suggested packages:
  binutils-doc cpp-doc gcc-10-locales g++-multilib g++-10-multilib gcc-10-doc
  gcc-multilib make manpages-dev autoconf automake libtool flex bison gdb
  gcc-doc gcc-10-multilib glibc-doc libstdc++-10-doc
Recommended packages:
  manpages manpages-dev libc-devtools
The following NEW packages will be installed:
  binutils binutils-common binutils-x86-64-linux-gnu cpp cpp-10 g++ g++-10 gcc
  gcc-10 libasan6 libatomic1 libbinutils libc-dev-bin libc6-dev libcc1-0
  libcrypt-dev libctf-nobfd0 libctf0 libgcc-10-dev libisl23 libitm1 liblsan0
  libmpc3 libmpfr6 libnsl-dev libquadmath0 libstdc++-10-dev libtirpc-dev
  libtsan0 libubsan1 linux-libc-dev
0 upgraded, 31 newly installed, 0 to remove and 0 not upgraded.
Inst binutils-common (2.35.2-2 Debian:11.2/stable [amd64])
Inst libbinutils (2.35.2-2 Debian:11.2/stable [amd64])
Inst libctf-nobfd0 (2.35.2-2 Debian:11.2/stable [amd64])
Inst libctf0 (2.35.2-2 Debian:11.2/stable [amd64])
Inst binutils-x86-64-linux-gnu (2.35.2-2 Debian:11.2/stable [amd64])
Inst binutils (2.35.2-2 Debian:11.2/stable [amd64])
Inst libisl23 (0.23-1 Debian:11.2/stable [amd64])
Inst libmpfr6 (4.1.0-3 Debian:11.2/stable [amd64])
Inst libmpc3 (1.2.0-1 Debian:11.2/stable [amd64])
Inst cpp-10 (10.2.1-6 Debian:11.2/stable [amd64])
Inst cpp (4:10.2.1-1 Debian:11.2/stable [amd64])
Inst libcc1-0 (10.2.1-6 Debian:11.2/stable [amd64])
Inst libitm1 (10.2.1-6 Debian:11.2/stable [amd64])
Inst libatomic1 (10.2.1-6 Debian:11.2/stable [amd64])
Inst libasan6 (10.2.1-6 Debian:11.2/stable [amd64])
Inst liblsan0 (10.2.1-6 Debian:11.2/stable [amd64])
Inst libtsan0 (10.2.1-6 Debian:11.2/stable [amd64])
Inst libubsan1 (10.2.1-6 Debian:11.2/stable [amd64])
Inst libquadmath0 (10.2.1-6 Debian:11.2/stable [amd64])
Inst libgcc-10-dev (10.2.1-6 Debian:11.2/stable [amd64])
Inst gcc-10 (10.2.1-6 Debian:11.2/stable [amd64])
Inst gcc (4:10.2.1-1 Debian:11.2/stable [amd64])
Inst libc-dev-bin (2.31-13+deb11u2 Debian:11.2/stable [amd64])
Inst linux-libc-dev (5.10.103-1 Debian-Security:11/stable-security [amd64])
Inst libcrypt-dev (1:4.4.18-4 Debian:11.2/stable [amd64])
Inst libtirpc-dev (1.3.1-1 Debian:11.2/stable [amd64])
Inst libnsl-dev (1.3.0-2 Debian:11.2/stable [amd64])
Inst libc6-dev (2.31-13+deb11u2 Debian:11.2/stable [amd64])
Inst libstdc++-10-dev (10.2.1-6 Debian:11.2/stable [amd64])
Inst g++-10 (10.2.1-6 Debian:11.2/stable [amd64])
Inst g++ (4:10.2.1-1 Debian:11.2/stable [amd64])
Conf binutils-common (2.35.2-2 Debian:11.2/stable [amd64])
Conf libbinutils (2.35.2-2 Debian:11.2/stable [amd64])
Conf libctf-nobfd0 (2.35.2-2 Debian:11.2/stable [amd64])
Conf libctf0 (2.35.2-2 Debian:11.2/stable [amd64])
Conf binutils-x86-64-linux-gnu (2.35.2-2 Debian:11.2/stable [amd64])
Conf binutils (2.35.2-2 Debian:11.2/stable [amd64])
Conf libisl23 (0.23-1 Debian:11.2/stable [amd64])
Conf libmpfr6 (4.1.0-3 Debian:11.2/stable [amd64])
Conf libmpc3 (1.2.0-1 Debian:11.2/stable [amd64])
Conf cpp-10 (10.2.1-6 Debian:11.2/stable [amd64])
Conf cpp (4:10.2.1-1 Debian:11.2/stable [amd64])
Conf libcc1-0 (10.2.1-6 Debian:11.2/stable [amd64])
Conf libitm1 (10.2.1-6 Debian:11.2/stable [amd64])
Conf libatomic1 (10.2.1-6 Debian:11.2/stable [amd64])
Conf libasan6 (10.2.1-6 Debian:11.2/stable [amd64])
Conf liblsan0 (10.2.1-6 Debian:11.2/stable [amd64])
Conf libtsan0 (10.2.1-6 Debian:11.2/stable [amd64])
Conf libubsan1 (10.2.1-6 Debian:11.2/stable [amd64])
Conf libquadmath0 (10.2.1-6 Debian:11.2/stable [amd64])
Conf libgcc-10-dev (10.2.1-6 Debian:11.2/stable [amd64])
Conf gcc-10 (10.2.1-6 Debian:11.2/stable [amd64])
Conf gcc (4:10.2.1-1 Debian:11.2/stable [amd64])
Conf libc-dev-bin (2.31-13+deb11u2 Debian:11.2/stable [amd64])
Conf linux-libc-dev (5.10.103-1 Debian-Security:11/stable-security [amd64])
Conf libcrypt-dev (1:4.4.18-4 Debian:11.2/stable [amd64])
Conf libtirpc-dev (1.3.1-1 Debian:11.2/stable [amd64])
Conf libnsl-dev (1.3.0-2 Debian:11.2/stable [amd64])
Conf libc6-dev (2.31-13+deb11u2 Debian:11.2/stable [amd64])
Conf libstdc++-10-dev (10.2.1-6 Debian:11.2/stable [amd64])
Conf g++-10 (10.2.1-6 Debian:11.2/stable [amd64])
Conf g++ (4:10.2.1-1 Debian:11.2/stable [amd64])
