Reading package lists...
Building dependency tree...
Reading state information...
The following packages were automatically installed and are no longer required:
  gettext-base libc6-i386 libefiboot1 libefivar1
Use 'apt autoremove' to remove them.
The following additional packages will be installed:
  binutils binutils-common binutils-x86-64-linux-gnu cpp cpp-10 gcc-10
  libasan6 libatomic1 libbinutils libcc1-0 libctf-nobfd0 libctf0 libgcc-10-dev
  libisl23 libitm1 liblsan0 libmpc3 libmpfr6 libquadmath0 libtsan0 libubsan1
Suggested packages:
  binutils-doc cpp-doc gcc-10-locales gcc-multilib make manpages-dev autoconf
  automake libtool flex bison gdb gcc-doc gcc-10-multilib gcc-10-doc
Recommended packages:
  libc6-dev | libc-dev libc6-dev
The following NEW packages will be installed:
  binutils binutils-common binutils-x86-64-linux-gnu cpp cpp-10 gcc gcc-10
  libasan6 libatomic1 libbinutils libcc1-0 libctf-nobfd0 libctf0 libgcc-10-dev
  libisl23 libitm1 liblsan0 libmpc3 libmpfr6 libquadmath0 libtsan0 libubsan1
0 upgraded, 22 newly installed, 0 to remove and 0 not upgraded.
Inst binutils-common (2.35.2-2 Debian:11.2/stable [amd64])
Inst libbinutils (2.35.2-2 Debian:11.2/stable [amd64])
Inst libctf-nobfd0 (2.35.2-2 Debian:11.2/stable [amd64])
Inst libctf0 (2.35.2-2 Debian:11.2/stable [amd64])
Inst binutils-x86-64-linux-gnu (2.35.2-2 Debian:11.2/stable [amd64])
Inst binutils (2.35.2-2 Debian:11.2/stable [amd64])
Inst libisl23 (0.23-1 Debian:11.2/stable [amd64])
Inst libmpfr6 (4.1.0-3 Debian:11.2/stable [amd64])
Inst libmpc3 (1.2.0-1 Debian:11.2/stable [amd64])
Inst cpp-10 (10.2.1-6 Debian:11.2/stable [amd64])
Inst cpp (4:10.2.1-1 Debian:11.2/stable [amd64])
Inst libcc1-0 (10.2.1-6 Debian:11.2/stable [amd64])
Inst libitm1 (10.2.1-6 Debian:11.2/stable [amd64])
Inst libatomic1 (10.2.1-6 Debian:11.2/stable [amd64])
Inst libasan6 (10.2.1-6 Debian:11.2/stable [amd64])
Inst liblsan0 (10.2.1-6 Debian:11.2/stable [amd64])
Inst libtsan0 (10.2.1-6 Debian:11.2/stable [amd64])
Inst libubsan1 (10.2.1-6 Debian:11.2/stable [amd64])
Inst libquadmath0 (10.2.1-6 Debian:11.2/stable [amd64])
Inst libgcc-10-dev (10.2.1-6 Debian:11.2/stable [amd64])
Inst gcc-10 (10.2.1-6 Debian:11.2/stable [amd64])
Inst gcc (4:10.2.1-1 Debian:11.2/stable [amd64])
Conf binutils-common (2.35.2-2 Debian:11.2/stable [amd64])
Conf libbinutils (2.35.2-2 Debian:11.2/stable [amd64])
Conf libctf-nobfd0 (2.35.2-2 Debian:11.2/stable [amd64])
Conf libctf0 (2.35.2-2 Debian:11.2/stable [amd64])
Conf binutils-x86-64-linux-gnu (2.35.2-2 Debian:11.2/stable [amd64])
Conf binutils (2.35.2-2 Debian:11.2/stable [amd64])
Conf libisl23 (0.23-1 Debian:11.2/stable [amd64])
Conf libmpfr6 (4.1.0-3 Debian:11.2/stable [amd64])
Conf libmpc3 (1.2.0-1 Debian:11.2/stable [amd64])
Conf cpp-10 (10.2.1-6 Debian:11.2/stable [amd64])
Conf cpp (4:10.2.1-1 Debian:11.2/stable [amd64])
Conf libcc1-0 (10.2.1-6 Debian:11.2/stable [amd64])
Conf libitm1 (10.2.1-6 Debian:11.2/stable [amd64])
Conf libatomic1 (10.2.1-6 Debian:11.2/stable [amd64])
Conf libasan6 (10.2.1-6 Debian:11.2/stable [amd64])
Conf liblsan0 (10.2.1-6 Debian:11.2/stable [amd64])
Conf libtsan0 (10.2.1-6 Debian:11.2/stable [amd64])
Conf libubsan1 (10.2.1-6 Debian:11.2/stable [amd64])
Conf libquadmath0 (10.2.1-6 Debian:11.2/stable [amd64])
Conf libgcc-10-dev (10.2.1-6 Debian:11.2/stable [amd64])
Conf gcc-10 (10.2.1-6 Debian:11.2/stable [amd64])
Conf gcc (4:10.2.1-1 Debian:11.2/stable [amd64])
