Reading package lists...
Building dependency tree...
Reading state information...
The following packages were automatically installed and are no longer required:
  gettext-base libc6-i386 libefiboot1 libefivar1
Use 'apt autoremove' to remove them.
The following additional packages will be installed:
  ca-certificates-java java-common openjdk-11-jdk-headless openjdk-11-jre
  openjdk-11-jre-headless
Suggested packages:
  default-jre openjdk-11-demo openjdk-11-source visualvm libnss-mdns
  fonts-dejavu-extra fonts-ipafont-gothic fonts-ipafont-mincho
  fonts-wqy-microhei | fonts-wqy-zenhei fonts-indic
Recommended packages:
  libxt-dev libatk-wrapper-java-jni fonts-dejavu-extra
The following NEW packages will be installed:
  ca-certificates-java java-common openjdk-11-jdk openjdk-11-jdk-headless
  openjdk-11-jre openjdk-11-jre-headless
0 upgraded, 6 newly installed, 0 to remove and 0 not upgraded.
Inst java-common (0.72 Debian:11.2/stable [all])
Inst openjdk-11-jre-headless (11.0.14+9-1~deb11u1 Debian-Security:11/stable-security [amd64]) []
Inst ca-certificates-java (20190909 Debian:11.2/stable [all])
Inst openjdk-11-jre (11.0.14+9-1~deb11u1 Debian-Security:11/stable-security [amd64])
Inst openjdk-11-jdk-headless (11.0.14+9-1~deb11u1 Debian-Security:11/stable-security [amd64])
Inst openjdk-11-jdk (11.0.14+9-1~deb11u1 Debian-Security:11/stable-security [amd64])
Conf java-common (0.72 Debian:11.2/stable [all])
Conf openjdk-11-jre-headless (11.0.14+9-1~deb11u1 Debian-Security:11/stable-security [amd64])
Conf ca-certificates-java (20190909 Debian:11.2/stable [all])
Conf openjdk-11-jre (11.0.14+9-1~deb11u1 Debian-Security:11/stable-security [amd64])
Conf openjdk-11-jdk-headless (11.0.14+9-1~deb11u1 Debian-Security:11/stable-security [amd64])
Conf openjdk-11-jdk (11.0.14+9-1~deb11u1 Debian-Security:11/stable-security [amd64])
