Reading package lists...
Building dependency tree...
Reading state information...
The following packages were automatically installed and are no longer required:
  gettext-base libc6-i386 libefiboot1 libefivar1
Use 'apt autoremove' to remove them.
The following additional packages will be installed:
  libruby2.7 libtcl8.6 libyaml-0-2 rake ruby ruby-minitest ruby-net-telnet
  ruby-power-assert ruby-rubygems ruby-test-unit ruby-xmlrpc ruby2.7
  rubygems-integration vim-common vim-gui-common vim-runtime
Suggested packages:
  tcl8.6 ri ruby-dev bundler cscope fonts-dejavu vim-doc
Recommended packages:
  fonts-lato libjs-jquery
The following NEW packages will be installed:
  libruby2.7 libtcl8.6 libyaml-0-2 rake ruby ruby-minitest ruby-net-telnet
  ruby-power-assert ruby-rubygems ruby-test-unit ruby-xmlrpc ruby2.7
  rubygems-integration vim-common vim-gtk3 vim-gui-common vim-runtime
0 upgraded, 17 newly installed, 0 to remove and 0 not upgraded.
Inst vim-common (2:8.2.2434-3+deb11u1 Debian:11.2/stable [all])
Inst rubygems-integration (1.18 Debian:11.2/stable [all])
Inst ruby2.7 (2.7.4-1+deb11u1 Debian-Security:11/stable-security [amd64]) []
Inst ruby-rubygems (3.2.5-2 Debian:11.2/stable [all]) []
Inst ruby (1:2.7+2 Debian:11.2/stable [amd64]) []
Inst rake (13.0.3-1 Debian:11.2/stable [all]) []
Inst ruby-minitest (5.13.0-1 Debian:11.2/stable [all]) []
Inst ruby-net-telnet (0.1.1-2 Debian:11.2/stable [all]) []
Inst ruby-power-assert (1.1.7-2 Debian:11.2/stable [all]) []
Inst ruby-test-unit (3.3.9-1 Debian:11.2/stable [all]) []
Inst ruby-xmlrpc (0.3.0-2 Debian:11.2/stable [all]) []
Inst libyaml-0-2 (0.2.2-1 Debian:11.2/stable [amd64]) []
Inst libruby2.7 (2.7.4-1+deb11u1 Debian-Security:11/stable-security [amd64])
Inst libtcl8.6 (8.6.11+dfsg-1 Debian:11.2/stable [amd64])
Inst vim-gui-common (2:8.2.2434-3+deb11u1 Debian:11.2/stable [all])
Inst vim-runtime (2:8.2.2434-3+deb11u1 Debian:11.2/stable [all])
Inst vim-gtk3 (2:8.2.2434-3+deb11u1 Debian:11.2/stable [amd64])
Conf vim-common (2:8.2.2434-3+deb11u1 Debian:11.2/stable [all])
Conf rubygems-integration (1.18 Debian:11.2/stable [all])
Conf ruby2.7 (2.7.4-1+deb11u1 Debian-Security:11/stable-security [amd64])
Conf ruby-rubygems (3.2.5-2 Debian:11.2/stable [all])
Conf ruby (1:2.7+2 Debian:11.2/stable [amd64])
Conf rake (13.0.3-1 Debian:11.2/stable [all])
Conf ruby-minitest (5.13.0-1 Debian:11.2/stable [all])
Conf ruby-net-telnet (0.1.1-2 Debian:11.2/stable [all])
Conf ruby-power-assert (1.1.7-2 Debian:11.2/stable [all])
Conf ruby-test-unit (3.3.9-1 Debian:11.2/stable [all])
Conf ruby-xmlrpc (0.3.0-2 Debian:11.2/stable [all])
Conf libyaml-0-2 (0.2.2-1 Debian:11.2/stable [amd64])
Conf libruby2.7 (2.7.4-1+deb11u1 Debian-Security:11/stable-security [amd64])
Conf libtcl8.6 (8.6.11+dfsg-1 Debian:11.2/stable [amd64])
Conf vim-gui-common (2:8.2.2434-3+deb11u1 Debian:11.2/stable [all])
Conf vim-runtime (2:8.2.2434-3+deb11u1 Debian:11.2/stable [all])
Conf vim-gtk3 (2:8.2.2434-3+deb11u1 Debian:11.2/stable [amd64])
