Reading package lists...
Building dependency tree...
Reading state information...
The following packages were automatically installed and are no longer required:
  gettext-base libc6-i386 libefiboot1 libefivar1
Use 'apt autoremove' to remove them.
The following additional packages will be installed:
  dirmngr gnupg gnupg-l10n gnupg-utils gpg gpg-agent gpg-wks-client
  gpg-wks-server gpgconf gpgsm libassuan0 libksba8 libnpth0 pinentry-curses
Suggested packages:
  pinentry-gnome3 tor parcimonie xloadimage scdaemon pinentry-doc
The following NEW packages will be installed:
  code dirmngr gnupg gnupg-l10n gnupg-utils gpg gpg-agent gpg-wks-client
  gpg-wks-server gpgconf gpgsm libassuan0 libksba8 libnpth0 pinentry-curses
0 upgraded, 15 newly installed, 0 to remove and 0 not upgraded.
Inst libassuan0 (2.5.3-7.1 Debian:11.2/stable [amd64])
Inst gpgconf (2.2.27-2 Debian:11.2/stable [amd64])
Inst libksba8 (1.5.0-3 Debian:11.2/stable [amd64])
Inst libnpth0 (1.6-3 Debian:11.2/stable [amd64])
Inst dirmngr (2.2.27-2 Debian:11.2/stable [amd64])
Inst gnupg-l10n (2.2.27-2 Debian:11.2/stable [all])
Inst gnupg-utils (2.2.27-2 Debian:11.2/stable [amd64])
Inst gpg (2.2.27-2 Debian:11.2/stable [amd64])
Inst pinentry-curses (1.1.0-4 Debian:11.2/stable [amd64])
Inst gpg-agent (2.2.27-2 Debian:11.2/stable [amd64])
Inst gpg-wks-client (2.2.27-2 Debian:11.2/stable [amd64])
Inst gpg-wks-server (2.2.27-2 Debian:11.2/stable [amd64])
Inst gpgsm (2.2.27-2 Debian:11.2/stable [amd64])
Inst gnupg (2.2.27-2 Debian:11.2/stable [all])
Inst code (1.66.1-1649257842 local-deb [amd64])
Conf libassuan0 (2.5.3-7.1 Debian:11.2/stable [amd64])
Conf gpgconf (2.2.27-2 Debian:11.2/stable [amd64])
Conf libksba8 (1.5.0-3 Debian:11.2/stable [amd64])
Conf libnpth0 (1.6-3 Debian:11.2/stable [amd64])
Conf dirmngr (2.2.27-2 Debian:11.2/stable [amd64])
Conf gnupg-l10n (2.2.27-2 Debian:11.2/stable [all])
Conf gnupg-utils (2.2.27-2 Debian:11.2/stable [amd64])
Conf gpg (2.2.27-2 Debian:11.2/stable [amd64])
Conf pinentry-curses (1.1.0-4 Debian:11.2/stable [amd64])
Conf gpg-agent (2.2.27-2 Debian:11.2/stable [amd64])
Conf gpg-wks-client (2.2.27-2 Debian:11.2/stable [amd64])
Conf gpg-wks-server (2.2.27-2 Debian:11.2/stable [amd64])
Conf gpgsm (2.2.27-2 Debian:11.2/stable [amd64])
Conf gnupg (2.2.27-2 Debian:11.2/stable [all])
Conf code (1.66.1-1649257842 local-deb [amd64])
