Reading package lists...
Building dependency tree...
Reading state information...
The following packages were automatically installed and are no longer required:
  libbrotli1 libefiboot1 libefivar1 libfreetype6 libpng16-16 ucf
Use 'apt autoremove' to remove them.
The following additional packages will be installed:
  autoconf automake autopoint autotools-dev binutils binutils-common
  binutils-x86-64-linux-gnu cpp cpp-10 debhelper dh-autoreconf
  dh-strip-nondeterminism dpkg-dev dwz gcc gcc-10 gettext intltool-debian
  libarchive-zip-perl libasan6 libatomic1 libbinutils libc-dev-bin libc6
  libc6-dev libcc1-0 libcrypt-dev libctf-nobfd0 libctf0 libdebhelper-perl
  libdpkg-perl libfile-stripnondeterminism-perl libgcc-10-dev libicu67
  libisl23 libitm1 liblsan0 libmpc3 libmpfr6 libnsl-dev libquadmath0
  libsigsegv2 libsub-override-perl libtirpc-dev libtool libtsan0 libubsan1
  libxml2 linux-libc-dev m4 make patch po-debconf
Suggested packages:
  autoconf-archive gnu-standards autoconf-doc binutils-doc cpp-doc
  gcc-10-locales dh-make debian-keyring gcc-multilib manpages-dev flex bison
  gdb gcc-doc gcc-10-multilib gcc-10-doc gettext-doc libasprintf-dev
  libgettextpo-dev glibc-doc gnupg git bzr libtool-doc gfortran
  | fortran95-compiler gcj-jdk m4-doc make-doc ed diffutils-doc
  libmail-box-perl
Recommended packages:
  module-assistant build-essential fakeroot gnupg libalgorithm-merge-perl
  manpages manpages-dev libc-devtools libnss-nis libnss-nisplus
  libfile-fcntllock-perl libarchive-cpio-perl libltdl-dev
  libmail-sendmail-perl
The following NEW packages will be installed:
  autoconf automake autopoint autotools-dev binutils binutils-common
  binutils-x86-64-linux-gnu broadcom-sta-source cpp cpp-10 debhelper
  dh-autoreconf dh-strip-nondeterminism dpkg-dev dwz gcc gcc-10 gettext
  intltool-debian libarchive-zip-perl libasan6 libatomic1 libbinutils
  libc-dev-bin libc6-dev libcc1-0 libcrypt-dev libctf-nobfd0 libctf0
  libdebhelper-perl libdpkg-perl libfile-stripnondeterminism-perl
  libgcc-10-dev libicu67 libisl23 libitm1 liblsan0 libmpc3 libmpfr6 libnsl-dev
  libquadmath0 libsigsegv2 libsub-override-perl libtirpc-dev libtool libtsan0
  libubsan1 libxml2 linux-libc-dev m4 make patch po-debconf
The following packages will be upgraded:
  libc6
1 upgraded, 53 newly installed, 0 to remove and 17 not upgraded.
Inst libc6 [2.31-13+deb11u2] (2.31-13+deb11u3 Debian:11.3/stable [amd64])
Conf libc6 (2.31-13+deb11u3 Debian:11.3/stable [amd64])
Inst libsigsegv2 (2.13-1 Debian:11.3/stable [amd64])
Inst m4 (1.4.18-5 Debian:11.3/stable [amd64])
Inst autoconf (2.69-14 Debian:11.3/stable [all])
Inst autotools-dev (20180224.1+nmu1 Debian:11.3/stable [all])
Inst automake (1:1.16.3-2 Debian:11.3/stable [all])
Inst autopoint (0.21-4 Debian:11.3/stable [all])
Inst binutils-common (2.35.2-2 Debian:11.3/stable [amd64])
Inst libbinutils (2.35.2-2 Debian:11.3/stable [amd64])
Inst libctf-nobfd0 (2.35.2-2 Debian:11.3/stable [amd64])
Inst libctf0 (2.35.2-2 Debian:11.3/stable [amd64])
Inst binutils-x86-64-linux-gnu (2.35.2-2 Debian:11.3/stable [amd64])
Inst binutils (2.35.2-2 Debian:11.3/stable [amd64])
Inst libdebhelper-perl (13.3.4 Debian:11.3/stable [all])
Inst libisl23 (0.23-1 Debian:11.3/stable [amd64])
Inst libmpfr6 (4.1.0-3 Debian:11.3/stable [amd64])
Inst libmpc3 (1.2.0-1 Debian:11.3/stable [amd64])
Inst cpp-10 (10.2.1-6 Debian:11.3/stable [amd64])
Inst cpp (4:10.2.1-1 Debian:11.3/stable [amd64])
Inst libcc1-0 (10.2.1-6 Debian:11.3/stable [amd64])
Inst libitm1 (10.2.1-6 Debian:11.3/stable [amd64])
Inst libatomic1 (10.2.1-6 Debian:11.3/stable [amd64])
Inst libasan6 (10.2.1-6 Debian:11.3/stable [amd64])
Inst liblsan0 (10.2.1-6 Debian:11.3/stable [amd64])
Inst libtsan0 (10.2.1-6 Debian:11.3/stable [amd64])
Inst libubsan1 (10.2.1-6 Debian:11.3/stable [amd64])
Inst libquadmath0 (10.2.1-6 Debian:11.3/stable [amd64])
Inst libgcc-10-dev (10.2.1-6 Debian:11.3/stable [amd64])
Inst gcc-10 (10.2.1-6 Debian:11.3/stable [amd64])
Inst gcc (4:10.2.1-1 Debian:11.3/stable [amd64])
Inst libc-dev-bin (2.31-13+deb11u3 Debian:11.3/stable [amd64])
Inst linux-libc-dev (5.10.106-1 Debian:11.3/stable [amd64])
Inst libcrypt-dev (1:4.4.18-4 Debian:11.3/stable [amd64])
Inst libtirpc-dev (1.3.1-1 Debian:11.3/stable [amd64])
Inst libnsl-dev (1.3.0-2 Debian:11.3/stable [amd64])
Inst libc6-dev (2.31-13+deb11u3 Debian:11.3/stable [amd64])
Inst libtool (2.4.6-15 Debian:11.3/stable [all])
Inst dh-autoreconf (20 Debian:11.3/stable [all])
Inst libarchive-zip-perl (1.68-1 Debian:11.3/stable [all])
Inst libsub-override-perl (0.09-2 Debian:11.3/stable [all])
Inst libfile-stripnondeterminism-perl (1.12.0-1 Debian:11.3/stable [all])
Inst dh-strip-nondeterminism (1.12.0-1 Debian:11.3/stable [all])
Inst libdpkg-perl (1.20.9 Debian:11.3/stable [all])
Inst patch (2.7.6-7 Debian:11.3/stable [amd64])
Inst make (4.3-4.1 Debian:11.3/stable [amd64])
Inst dpkg-dev (1.20.9 Debian:11.3/stable [all])
Inst dwz (0.13+20210201-1 Debian:11.3/stable [amd64])
Inst libicu67 (67.1-7 Debian:11.3/stable [amd64])
Inst libxml2 (2.9.10+dfsg-6.7+deb11u1 Debian:11.3/stable [amd64])
Inst gettext (0.21-4 Debian:11.3/stable [amd64])
Inst intltool-debian (0.35.0+20060710.5 Debian:11.3/stable [all])
Inst po-debconf (1.0.21+nmu1 Debian:11.3/stable [all])
Inst debhelper (13.3.4 Debian:11.3/stable [all])
Inst broadcom-sta-source (6.30.223.271-17 Debian:11.3/stable [all])
Conf libsigsegv2 (2.13-1 Debian:11.3/stable [amd64])
Conf m4 (1.4.18-5 Debian:11.3/stable [amd64])
Conf autoconf (2.69-14 Debian:11.3/stable [all])
Conf autotools-dev (20180224.1+nmu1 Debian:11.3/stable [all])
Conf automake (1:1.16.3-2 Debian:11.3/stable [all])
Conf autopoint (0.21-4 Debian:11.3/stable [all])
Conf binutils-common (2.35.2-2 Debian:11.3/stable [amd64])
Conf libbinutils (2.35.2-2 Debian:11.3/stable [amd64])
Conf libctf-nobfd0 (2.35.2-2 Debian:11.3/stable [amd64])
Conf libctf0 (2.35.2-2 Debian:11.3/stable [amd64])
Conf binutils-x86-64-linux-gnu (2.35.2-2 Debian:11.3/stable [amd64])
Conf binutils (2.35.2-2 Debian:11.3/stable [amd64])
Conf libdebhelper-perl (13.3.4 Debian:11.3/stable [all])
Conf libisl23 (0.23-1 Debian:11.3/stable [amd64])
Conf libmpfr6 (4.1.0-3 Debian:11.3/stable [amd64])
Conf libmpc3 (1.2.0-1 Debian:11.3/stable [amd64])
Conf cpp-10 (10.2.1-6 Debian:11.3/stable [amd64])
Conf cpp (4:10.2.1-1 Debian:11.3/stable [amd64])
Conf libcc1-0 (10.2.1-6 Debian:11.3/stable [amd64])
Conf libitm1 (10.2.1-6 Debian:11.3/stable [amd64])
Conf libatomic1 (10.2.1-6 Debian:11.3/stable [amd64])
Conf libasan6 (10.2.1-6 Debian:11.3/stable [amd64])
Conf liblsan0 (10.2.1-6 Debian:11.3/stable [amd64])
Conf libtsan0 (10.2.1-6 Debian:11.3/stable [amd64])
Conf libubsan1 (10.2.1-6 Debian:11.3/stable [amd64])
Conf libquadmath0 (10.2.1-6 Debian:11.3/stable [amd64])
Conf libgcc-10-dev (10.2.1-6 Debian:11.3/stable [amd64])
Conf gcc-10 (10.2.1-6 Debian:11.3/stable [amd64])
Conf gcc (4:10.2.1-1 Debian:11.3/stable [amd64])
Conf libc-dev-bin (2.31-13+deb11u3 Debian:11.3/stable [amd64])
Conf linux-libc-dev (5.10.106-1 Debian:11.3/stable [amd64])
Conf libcrypt-dev (1:4.4.18-4 Debian:11.3/stable [amd64])
Conf libtirpc-dev (1.3.1-1 Debian:11.3/stable [amd64])
Conf libnsl-dev (1.3.0-2 Debian:11.3/stable [amd64])
Conf libc6-dev (2.31-13+deb11u3 Debian:11.3/stable [amd64])
Conf libtool (2.4.6-15 Debian:11.3/stable [all])
Conf dh-autoreconf (20 Debian:11.3/stable [all])
Conf libarchive-zip-perl (1.68-1 Debian:11.3/stable [all])
Conf libsub-override-perl (0.09-2 Debian:11.3/stable [all])
Conf libfile-stripnondeterminism-perl (1.12.0-1 Debian:11.3/stable [all])
Conf dh-strip-nondeterminism (1.12.0-1 Debian:11.3/stable [all])
Conf libdpkg-perl (1.20.9 Debian:11.3/stable [all])
Conf patch (2.7.6-7 Debian:11.3/stable [amd64])
Conf make (4.3-4.1 Debian:11.3/stable [amd64])
Conf dpkg-dev (1.20.9 Debian:11.3/stable [all])
Conf dwz (0.13+20210201-1 Debian:11.3/stable [amd64])
Conf libicu67 (67.1-7 Debian:11.3/stable [amd64])
Conf libxml2 (2.9.10+dfsg-6.7+deb11u1 Debian:11.3/stable [amd64])
Conf gettext (0.21-4 Debian:11.3/stable [amd64])
Conf intltool-debian (0.35.0+20060710.5 Debian:11.3/stable [all])
Conf po-debconf (1.0.21+nmu1 Debian:11.3/stable [all])
Conf debhelper (13.3.4 Debian:11.3/stable [all])
Conf broadcom-sta-source (6.30.223.271-17 Debian:11.3/stable [all])
