Reading package lists...
Building dependency tree...
Reading state information...
The following packages were automatically installed and are no longer required:
  gettext-base libbrotli1 libefiboot1 libefivar1 libfreetype6 libpng16-16 ucf
Use 'apt autoremove' to remove them.
The following additional packages will be installed:
  ca-certificates libruby2.7 libyaml-0-2 openssl rake ruby ruby-ffi
  ruby-minitest ruby-net-telnet ruby-power-assert ruby-rubygems ruby-test-unit
  ruby-xmlrpc ruby2.7 rubygems-integration
Suggested packages:
  ri ruby-dev bundler
Recommended packages:
  fonts-lato libjs-jquery
The following NEW packages will be installed:
  ca-certificates dns323-firmware-tools libruby2.7 libyaml-0-2 openssl rake
  ruby ruby-ffi ruby-minitest ruby-net-telnet ruby-power-assert ruby-rubygems
  ruby-test-unit ruby-xmlrpc ruby2.7 rubygems-integration
0 upgraded, 16 newly installed, 0 to remove and 18 not upgraded.
Inst openssl (1.1.1n-0+deb11u1 Debian:11.3/stable [amd64])
Inst ca-certificates (20210119 Debian:11.3/stable [all])
Inst rubygems-integration (1.18 Debian:11.3/stable [all])
Inst rake (13.0.3-1 Debian:11.3/stable [all]) []
Inst ruby-minitest (5.13.0-1 Debian:11.3/stable [all]) []
Inst ruby-net-telnet (0.1.1-2 Debian:11.3/stable [all]) []
Inst ruby-power-assert (1.1.7-2 Debian:11.3/stable [all]) []
Inst ruby-test-unit (3.3.9-1 Debian:11.3/stable [all]) []
Inst ruby-xmlrpc (0.3.0-2 Debian:11.3/stable [all]) []
Inst libyaml-0-2 (0.2.2-1 Debian:11.3/stable [amd64]) []
Inst libruby2.7 (2.7.4-1+deb11u1 Debian:11.3/stable, Debian-Security:11/stable-security [amd64]) []
Inst ruby2.7 (2.7.4-1+deb11u1 Debian:11.3/stable, Debian-Security:11/stable-security [amd64]) []
Inst ruby-rubygems (3.2.5-2 Debian:11.3/stable [all]) []
Inst ruby (1:2.7+2 Debian:11.3/stable [amd64])
Inst ruby-ffi (1.12.2+dfsg-2+b3 Debian:11.3/stable [amd64])
Inst dns323-firmware-tools (0.7.3-1.1 Debian:11.3/stable [all])
Conf openssl (1.1.1n-0+deb11u1 Debian:11.3/stable [amd64])
Conf ca-certificates (20210119 Debian:11.3/stable [all])
Conf rubygems-integration (1.18 Debian:11.3/stable [all])
Conf rake (13.0.3-1 Debian:11.3/stable [all])
Conf ruby-minitest (5.13.0-1 Debian:11.3/stable [all])
Conf ruby-net-telnet (0.1.1-2 Debian:11.3/stable [all])
Conf ruby-power-assert (1.1.7-2 Debian:11.3/stable [all])
Conf ruby-test-unit (3.3.9-1 Debian:11.3/stable [all])
Conf ruby-xmlrpc (0.3.0-2 Debian:11.3/stable [all])
Conf libyaml-0-2 (0.2.2-1 Debian:11.3/stable [amd64])
Conf libruby2.7 (2.7.4-1+deb11u1 Debian:11.3/stable, Debian-Security:11/stable-security [amd64])
Conf ruby2.7 (2.7.4-1+deb11u1 Debian:11.3/stable, Debian-Security:11/stable-security [amd64])
Conf ruby-rubygems (3.2.5-2 Debian:11.3/stable [all])
Conf ruby (1:2.7+2 Debian:11.3/stable [amd64])
Conf ruby-ffi (1.12.2+dfsg-2+b3 Debian:11.3/stable [amd64])
Conf dns323-firmware-tools (0.7.3-1.1 Debian:11.3/stable [all])
