Reading package lists...
Building dependency tree...
Reading state information...
The following packages were automatically installed and are no longer required:
  gettext-base libbrotli1 libefiboot1 libefivar1 libfreetype6 libpng16-16 ucf
Use 'apt autoremove' to remove them.
The following additional packages will be installed:
  firmware-amd-graphics firmware-linux-nonfree firmware-misc-nonfree
Recommended packages:
  intel-microcode amd64-microcode
The following NEW packages will be installed:
  firmware-amd-graphics firmware-linux firmware-linux-nonfree
  firmware-misc-nonfree
0 upgraded, 4 newly installed, 0 to remove and 18 not upgraded.
Inst firmware-amd-graphics (20210315-3 Debian:11.3/stable [all])
Inst firmware-misc-nonfree (20210315-3 Debian:11.3/stable [all])
Inst firmware-linux-nonfree (20210315-3 Debian:11.3/stable [all])
Inst firmware-linux (20210315-3 Debian:11.3/stable [all])
Conf firmware-amd-graphics (20210315-3 Debian:11.3/stable [all])
Conf firmware-misc-nonfree (20210315-3 Debian:11.3/stable [all])
Conf firmware-linux-nonfree (20210315-3 Debian:11.3/stable [all])
Conf firmware-linux (20210315-3 Debian:11.3/stable [all])
