Reading package lists...
Building dependency tree...
Reading state information...
The following packages were automatically installed and are no longer required:
  gettext-base libbrotli1 libefiboot1 libefivar1 libfreetype6 libpng16-16 ucf
Use 'apt autoremove' to remove them.
The following additional packages will be installed:
  libdrm-amdgpu1 libdrm-common libdrm-intel1 libdrm-nouveau2 libdrm-radeon1
  libdrm2 libgl1 libgl1-mesa-dri libglapi-mesa libglew2.1 libglu1-mesa
  libglvnd0 libglx-mesa0 libglx0 libllvm11 libpciaccess0 libsensors-config
  libsensors5 libvulkan1 libx11-6 libx11-data libx11-xcb1 libxau6
  libxcb-dri2-0 libxcb-dri3-0 libxcb-glx0 libxcb-present0 libxcb-shm0
  libxcb-sync1 libxcb-xfixes0 libxcb1 libxdamage1 libxdmcp6 libxext6
  libxfixes3 libxshmfence1 libxxf86vm1 libz3-4
Suggested packages:
  glew-utils lm-sensors
Recommended packages:
  mesa-vulkan-drivers | vulkan-icd
The following NEW packages will be installed:
  libdrm-amdgpu1 libdrm-common libdrm-intel1 libdrm-nouveau2 libdrm-radeon1
  libdrm2 libgl1 libgl1-mesa-dri libglapi-mesa libglew2.1 libglu1-mesa
  libglvnd0 libglx-mesa0 libglx0 libllvm11 libpciaccess0 libsensors-config
  libsensors5 libvulkan1 libx11-6 libx11-data libx11-xcb1 libxau6
  libxcb-dri2-0 libxcb-dri3-0 libxcb-glx0 libxcb-present0 libxcb-shm0
  libxcb-sync1 libxcb-xfixes0 libxcb1 libxdamage1 libxdmcp6 libxext6
  libxfixes3 libxshmfence1 libxxf86vm1 libz3-4 mesa-utils
0 upgraded, 39 newly installed, 0 to remove and 18 not upgraded.
Inst libdrm-common (2.4.104-1 Debian:11.3/stable [all])
Inst libdrm2 (2.4.104-1 Debian:11.3/stable [amd64])
Inst libdrm-amdgpu1 (2.4.104-1 Debian:11.3/stable [amd64])
Inst libpciaccess0 (0.16-1 Debian:11.3/stable [amd64])
Inst libdrm-intel1 (2.4.104-1 Debian:11.3/stable [amd64])
Inst libdrm-nouveau2 (2.4.104-1 Debian:11.3/stable [amd64])
Inst libdrm-radeon1 (2.4.104-1 Debian:11.3/stable [amd64])
Inst libglapi-mesa (20.3.5-1 Debian:11.3/stable [amd64])
Inst libz3-4 (4.8.10-1 Debian:11.3/stable [amd64])
Inst libllvm11 (1:11.0.1-2 Debian:11.3/stable [amd64])
Inst libsensors-config (1:3.6.0-7 Debian:11.3/stable [all])
Inst libsensors5 (1:3.6.0-7 Debian:11.3/stable [amd64])
Inst libvulkan1 (1.2.162.0-1 Debian:11.3/stable [amd64])
Inst libgl1-mesa-dri (20.3.5-1 Debian:11.3/stable [amd64])
Inst libglvnd0 (1.3.2-1 Debian:11.3/stable [amd64])
Inst libxau6 (1:1.0.9-1 Debian:11.3/stable [amd64])
Inst libxdmcp6 (1:1.1.2-3 Debian:11.3/stable [amd64])
Inst libxcb1 (1.14-3 Debian:11.3/stable [amd64])
Inst libx11-data (2:1.7.2-1 Debian:11.3/stable [all])
Inst libx11-6 (2:1.7.2-1 Debian:11.3/stable [amd64])
Inst libx11-xcb1 (2:1.7.2-1 Debian:11.3/stable [amd64])
Inst libxcb-dri2-0 (1.14-3 Debian:11.3/stable [amd64])
Inst libxcb-dri3-0 (1.14-3 Debian:11.3/stable [amd64])
Inst libxcb-glx0 (1.14-3 Debian:11.3/stable [amd64])
Inst libxcb-present0 (1.14-3 Debian:11.3/stable [amd64])
Inst libxcb-shm0 (1.14-3 Debian:11.3/stable [amd64])
Inst libxcb-sync1 (1.14-3 Debian:11.3/stable [amd64])
Inst libxcb-xfixes0 (1.14-3 Debian:11.3/stable [amd64])
Inst libxdamage1 (1:1.1.5-2 Debian:11.3/stable [amd64])
Inst libxext6 (2:1.3.3-1.1 Debian:11.3/stable [amd64])
Inst libxfixes3 (1:5.0.3-2 Debian:11.3/stable [amd64])
Inst libxshmfence1 (1.3-1 Debian:11.3/stable [amd64])
Inst libxxf86vm1 (1:1.1.4-1+b2 Debian:11.3/stable [amd64])
Inst libglx-mesa0 (20.3.5-1 Debian:11.3/stable [amd64])
Inst libglx0 (1.3.2-1 Debian:11.3/stable [amd64])
Inst libgl1 (1.3.2-1 Debian:11.3/stable [amd64])
Inst libglew2.1 (2.1.0-4+b1 Debian:11.3/stable [amd64])
Inst libglu1-mesa (9.0.1-1 Debian:11.3/stable [amd64])
Inst mesa-utils (8.4.0-1+b1 Debian:11.3/stable [amd64])
Conf libdrm-common (2.4.104-1 Debian:11.3/stable [all])
Conf libdrm2 (2.4.104-1 Debian:11.3/stable [amd64])
Conf libdrm-amdgpu1 (2.4.104-1 Debian:11.3/stable [amd64])
Conf libpciaccess0 (0.16-1 Debian:11.3/stable [amd64])
Conf libdrm-intel1 (2.4.104-1 Debian:11.3/stable [amd64])
Conf libdrm-nouveau2 (2.4.104-1 Debian:11.3/stable [amd64])
Conf libdrm-radeon1 (2.4.104-1 Debian:11.3/stable [amd64])
Conf libglapi-mesa (20.3.5-1 Debian:11.3/stable [amd64])
Conf libz3-4 (4.8.10-1 Debian:11.3/stable [amd64])
Conf libllvm11 (1:11.0.1-2 Debian:11.3/stable [amd64])
Conf libsensors-config (1:3.6.0-7 Debian:11.3/stable [all])
Conf libsensors5 (1:3.6.0-7 Debian:11.3/stable [amd64])
Conf libvulkan1 (1.2.162.0-1 Debian:11.3/stable [amd64])
Conf libgl1-mesa-dri (20.3.5-1 Debian:11.3/stable [amd64])
Conf libglvnd0 (1.3.2-1 Debian:11.3/stable [amd64])
Conf libxau6 (1:1.0.9-1 Debian:11.3/stable [amd64])
Conf libxdmcp6 (1:1.1.2-3 Debian:11.3/stable [amd64])
Conf libxcb1 (1.14-3 Debian:11.3/stable [amd64])
Conf libx11-data (2:1.7.2-1 Debian:11.3/stable [all])
Conf libx11-6 (2:1.7.2-1 Debian:11.3/stable [amd64])
Conf libx11-xcb1 (2:1.7.2-1 Debian:11.3/stable [amd64])
Conf libxcb-dri2-0 (1.14-3 Debian:11.3/stable [amd64])
Conf libxcb-dri3-0 (1.14-3 Debian:11.3/stable [amd64])
Conf libxcb-glx0 (1.14-3 Debian:11.3/stable [amd64])
Conf libxcb-present0 (1.14-3 Debian:11.3/stable [amd64])
Conf libxcb-shm0 (1.14-3 Debian:11.3/stable [amd64])
Conf libxcb-sync1 (1.14-3 Debian:11.3/stable [amd64])
Conf libxcb-xfixes0 (1.14-3 Debian:11.3/stable [amd64])
Conf libxdamage1 (1:1.1.5-2 Debian:11.3/stable [amd64])
Conf libxext6 (2:1.3.3-1.1 Debian:11.3/stable [amd64])
Conf libxfixes3 (1:5.0.3-2 Debian:11.3/stable [amd64])
Conf libxshmfence1 (1.3-1 Debian:11.3/stable [amd64])
Conf libxxf86vm1 (1:1.1.4-1+b2 Debian:11.3/stable [amd64])
Conf libglx-mesa0 (20.3.5-1 Debian:11.3/stable [amd64])
Conf libglx0 (1.3.2-1 Debian:11.3/stable [amd64])
Conf libgl1 (1.3.2-1 Debian:11.3/stable [amd64])
Conf libglew2.1 (2.1.0-4+b1 Debian:11.3/stable [amd64])
Conf libglu1-mesa (9.0.1-1 Debian:11.3/stable [amd64])
Conf mesa-utils (8.4.0-1+b1 Debian:11.3/stable [amd64])
