Reading package lists...
Building dependency tree...
Reading state information...
The following packages were automatically installed and are no longer required:
  gettext-base libbrotli1 libefiboot1 libefivar1 libfreetype6 libpng16-16 ucf
Use 'apt autoremove' to remove them.
The following additional packages will be installed:
  libblas3 libbluetooth-dev libbluetooth3 libbtbb-dev libbtbb1 libc-dev-bin
  libc6 libc6-dev libcrypt-dev libdbus-1-dev libdpkg-perl libgfortran5
  liblapack3 libmpdec3 libnsl-dev libpcap-dev libpcap0.8 libpcap0.8-dev
  libpython3-stdlib libpython3.9-minimal libpython3.9-stdlib libquadmath0
  libsqlite3-0 libtirpc-dev libubertooth-dev libubertooth1 libusb-1.0-0-dev
  linux-libc-dev media-types pkg-config python3 python3-minimal python3-numpy
  python3-pkg-resources python3.9 python3.9-minimal ubertooth
Suggested packages:
  glibc-doc manpages-dev debian-keyring gnupg gcc | c-compiler binutils patch
  git bzr dpkg-dev python3-doc python3-tk python3-venv gcc gfortran
  python-numpy-doc python3-dev python3-numpy-dbg python3-pytest
  python3-setuptools python3.9-venv python3.9-doc binfmt-support
  ubertooth-firmware
Recommended packages:
  manpages manpages-dev libc-devtools libnss-nis libnss-nisplus
  libfile-fcntllock-perl ca-certificates libusb-1.0-doc ubertooth-firmware
  python3-pyside2.qtgui python3-pyside2.qtwidgets python3-pyside2.qtcore
  gcc-arm-none-eabi libnewlib-arm-none-eabi libstdc++-arm-none-eabi-newlib
The following NEW packages will be installed:
  libblas3 libbluetooth-dev libbluetooth3 libbtbb-dev libbtbb1 libc-dev-bin
  libc6-dev libcrypt-dev libdbus-1-dev libdpkg-perl libgfortran5 liblapack3
  libmpdec3 libnsl-dev libpcap-dev libpcap0.8 libpcap0.8-dev libpython3-stdlib
  libpython3.9-minimal libpython3.9-stdlib libquadmath0 libsqlite3-0
  libtirpc-dev libubertooth-dev libubertooth1 libusb-1.0-0-dev linux-libc-dev
  media-types pkg-config python3 python3-minimal python3-numpy
  python3-pkg-resources python3.9 python3.9-minimal ubertooth
  ubertooth-firmware-source
The following packages will be upgraded:
  libc6
1 upgraded, 37 newly installed, 0 to remove and 17 not upgraded.
Inst libc6 [2.31-13+deb11u2] (2.31-13+deb11u3 Debian:11.3/stable [amd64])
Conf libc6 (2.31-13+deb11u3 Debian:11.3/stable [amd64])
Inst libpython3.9-minimal (3.9.2-1 Debian:11.3/stable [amd64])
Inst python3.9-minimal (3.9.2-1 Debian:11.3/stable [amd64])
Conf libpython3.9-minimal (3.9.2-1 Debian:11.3/stable [amd64])
Conf python3.9-minimal (3.9.2-1 Debian:11.3/stable [amd64])
Inst python3-minimal (3.9.2-3 Debian:11.3/stable [amd64])
Inst media-types (4.0.0 Debian:11.3/stable [all])
Inst libmpdec3 (2.5.1-1 Debian:11.3/stable [amd64])
Inst libsqlite3-0 (3.34.1-3 Debian:11.3/stable [amd64])
Inst libpython3.9-stdlib (3.9.2-1 Debian:11.3/stable [amd64])
Inst python3.9 (3.9.2-1 Debian:11.3/stable [amd64])
Inst libpython3-stdlib (3.9.2-3 Debian:11.3/stable [amd64])
Conf python3-minimal (3.9.2-3 Debian:11.3/stable [amd64])
Inst python3 (3.9.2-3 Debian:11.3/stable [amd64])
Inst libblas3 (3.9.0-3 Debian:11.3/stable [amd64])
Inst libbluetooth3 (5.55-3.1 Debian:11.3/stable [amd64])
Inst libc-dev-bin (2.31-13+deb11u3 Debian:11.3/stable [amd64])
Inst linux-libc-dev (5.10.106-1 Debian:11.3/stable [amd64])
Inst libcrypt-dev (1:4.4.18-4 Debian:11.3/stable [amd64])
Inst libtirpc-dev (1.3.1-1 Debian:11.3/stable [amd64])
Inst libnsl-dev (1.3.0-2 Debian:11.3/stable [amd64])
Inst libc6-dev (2.31-13+deb11u3 Debian:11.3/stable [amd64])
Inst libbluetooth-dev (5.55-3.1 Debian:11.3/stable [amd64])
Inst libbtbb1 (2018.12.R1-1 Debian:11.3/stable [amd64])
Inst libdpkg-perl (1.20.9 Debian:11.3/stable [all])
Inst pkg-config (0.29.2-1 Debian:11.3/stable [amd64])
Inst libdbus-1-dev (1.12.20-2 Debian:11.3/stable [amd64])
Inst libpcap0.8 (1.10.0-2 Debian:11.3/stable [amd64])
Inst libpcap0.8-dev (1.10.0-2 Debian:11.3/stable [amd64])
Inst libpcap-dev (1.10.0-2 Debian:11.3/stable [amd64])
Inst libbtbb-dev (2018.12.R1-1 Debian:11.3/stable [amd64])
Inst libquadmath0 (10.2.1-6 Debian:11.3/stable [amd64])
Inst libgfortran5 (10.2.1-6 Debian:11.3/stable [amd64])
Inst liblapack3 (3.9.0-3 Debian:11.3/stable [amd64])
Inst libubertooth1 (2018.12.R1-5 Debian:11.3/stable [amd64])
Inst libusb-1.0-0-dev (2:1.0.24-3 Debian:11.3/stable [amd64])
Inst libubertooth-dev (2018.12.R1-5 Debian:11.3/stable [amd64])
Inst python3-pkg-resources (52.0.0-4 Debian:11.3/stable [all])
Inst python3-numpy (1:1.19.5-1 Debian:11.3/stable [amd64])
Inst ubertooth (2018.12.R1-5 Debian:11.3/stable [amd64])
Inst ubertooth-firmware-source (2018.12.R1-5 Debian:11.3/stable [all])
Conf media-types (4.0.0 Debian:11.3/stable [all])
Conf libmpdec3 (2.5.1-1 Debian:11.3/stable [amd64])
Conf libsqlite3-0 (3.34.1-3 Debian:11.3/stable [amd64])
Conf libpython3.9-stdlib (3.9.2-1 Debian:11.3/stable [amd64])
Conf python3.9 (3.9.2-1 Debian:11.3/stable [amd64])
Conf libpython3-stdlib (3.9.2-3 Debian:11.3/stable [amd64])
Conf python3 (3.9.2-3 Debian:11.3/stable [amd64])
Conf libblas3 (3.9.0-3 Debian:11.3/stable [amd64])
Conf libbluetooth3 (5.55-3.1 Debian:11.3/stable [amd64])
Conf libc-dev-bin (2.31-13+deb11u3 Debian:11.3/stable [amd64])
Conf linux-libc-dev (5.10.106-1 Debian:11.3/stable [amd64])
Conf libcrypt-dev (1:4.4.18-4 Debian:11.3/stable [amd64])
Conf libtirpc-dev (1.3.1-1 Debian:11.3/stable [amd64])
Conf libnsl-dev (1.3.0-2 Debian:11.3/stable [amd64])
Conf libc6-dev (2.31-13+deb11u3 Debian:11.3/stable [amd64])
Conf libbluetooth-dev (5.55-3.1 Debian:11.3/stable [amd64])
Conf libbtbb1 (2018.12.R1-1 Debian:11.3/stable [amd64])
Conf libdpkg-perl (1.20.9 Debian:11.3/stable [all])
Conf pkg-config (0.29.2-1 Debian:11.3/stable [amd64])
Conf libdbus-1-dev (1.12.20-2 Debian:11.3/stable [amd64])
Conf libpcap0.8 (1.10.0-2 Debian:11.3/stable [amd64])
Conf libpcap0.8-dev (1.10.0-2 Debian:11.3/stable [amd64])
Conf libpcap-dev (1.10.0-2 Debian:11.3/stable [amd64])
Conf libbtbb-dev (2018.12.R1-1 Debian:11.3/stable [amd64])
Conf libquadmath0 (10.2.1-6 Debian:11.3/stable [amd64])
Conf libgfortran5 (10.2.1-6 Debian:11.3/stable [amd64])
Conf liblapack3 (3.9.0-3 Debian:11.3/stable [amd64])
Conf libubertooth1 (2018.12.R1-5 Debian:11.3/stable [amd64])
Conf libusb-1.0-0-dev (2:1.0.24-3 Debian:11.3/stable [amd64])
Conf libubertooth-dev (2018.12.R1-5 Debian:11.3/stable [amd64])
Conf python3-pkg-resources (52.0.0-4 Debian:11.3/stable [all])
Conf python3-numpy (1:1.19.5-1 Debian:11.3/stable [amd64])
Conf ubertooth (2018.12.R1-5 Debian:11.3/stable [amd64])
Conf ubertooth-firmware-source (2018.12.R1-5 Debian:11.3/stable [all])
