Reading package lists...
Building dependency tree...
Reading state information...
The following packages were automatically installed and are no longer required:
  gettext-base libbrotli1 libefiboot1 libefivar1 libfreetype6 libpng16-16 ucf
Use 'apt autoremove' to remove them.
The following additional packages will be installed:
  libvulkan1 libwayland-client0 libx11-6 libx11-data libxau6 libxcb1 libxdmcp6
Recommended packages:
  mesa-vulkan-drivers | vulkan-icd
The following NEW packages will be installed:
  libvulkan1 libwayland-client0 libx11-6 libx11-data libxau6 libxcb1 libxdmcp6
  vulkan-tools
0 upgraded, 8 newly installed, 0 to remove and 18 not upgraded.
Inst libvulkan1 (1.2.162.0-1 Debian:11.3/stable [amd64])
Inst libwayland-client0 (1.18.0-2~exp1.1 Debian:11.3/stable [amd64])
Inst libxau6 (1:1.0.9-1 Debian:11.3/stable [amd64])
Inst libxdmcp6 (1:1.1.2-3 Debian:11.3/stable [amd64])
Inst libxcb1 (1.14-3 Debian:11.3/stable [amd64])
Inst libx11-data (2:1.7.2-1 Debian:11.3/stable [all])
Inst libx11-6 (2:1.7.2-1 Debian:11.3/stable [amd64])
Inst vulkan-tools (1.2.162.0+dfsg1-1 Debian:11.3/stable [amd64])
Conf libvulkan1 (1.2.162.0-1 Debian:11.3/stable [amd64])
Conf libwayland-client0 (1.18.0-2~exp1.1 Debian:11.3/stable [amd64])
Conf libxau6 (1:1.0.9-1 Debian:11.3/stable [amd64])
Conf libxdmcp6 (1:1.1.2-3 Debian:11.3/stable [amd64])
Conf libxcb1 (1.14-3 Debian:11.3/stable [amd64])
Conf libx11-data (2:1.7.2-1 Debian:11.3/stable [all])
Conf libx11-6 (2:1.7.2-1 Debian:11.3/stable [amd64])
Conf vulkan-tools (1.2.162.0+dfsg1-1 Debian:11.3/stable [amd64])
